mode: set
github.com/JSREI/force-fuck-captcha-background/go-sdk/captcha_background_sdk/background_feature_engine.go:13.60,15.2 1 1
github.com/JSREI/force-fuck-captcha-background/go-sdk/captcha_background_sdk/background_feature_engine.go:34.28,39.25 3 1
github.com/JSREI/force-fuck-captcha-background/go-sdk/captcha_background_sdk/background_feature_engine.go:39.25,41.26 2 1
github.com/JSREI/force-fuck-captcha-background/go-sdk/captcha_background_sdk/background_feature_engine.go:41.26,45.4 2 1
github.com/JSREI/force-fuck-captcha-background/go-sdk/captcha_background_sdk/background_feature_engine.go:49.2,50.25 2 1
github.com/JSREI/force-fuck-captcha-background/go-sdk/captcha_background_sdk/background_feature_engine.go:50.25,51.26 1 1
github.com/JSREI/force-fuck-captcha-background/go-sdk/captcha_background_sdk/background_feature_engine.go:51.26,53.28 2 1
github.com/JSREI/force-fuck-captcha-background/go-sdk/captcha_background_sdk/background_feature_engine.go:53.28,55.5 1 0
github.com/JSREI/force-fuck-captcha-background/go-sdk/captcha_background_sdk/background_feature_engine.go:56.4,56.20 1 1
github.com/JSREI/force-fuck-captcha-background/go-sdk/captcha_background_sdk/background_feature_engine.go:61.2,62.27 2 1
github.com/JSREI/force-fuck-captcha-background/go-sdk/captcha_background_sdk/background_feature_engine.go:62.27,64.3 1 1
github.com/JSREI/force-fuck-captcha-background/go-sdk/captcha_background_sdk/background_feature_engine.go:67.2,68.25 2 1
github.com/JSREI/force-fuck-captcha-background/go-sdk/captcha_background_sdk/background_feature_engine.go:68.25,69.26 1 1
github.com/JSREI/force-fuck-captcha-background/go-sdk/captcha_background_sdk/background_feature_engine.go:69.26,71.4 1 1
github.com/JSREI/force-fuck-captcha-background/go-sdk/captcha_background_sdk/background_feature_engine.go:73.2,76.25 3 1
github.com/JSREI/force-fuck-captcha-background/go-sdk/captcha_background_sdk/background_feature_engine.go:76.25,77.26 1 1
github.com/JSREI/force-fuck-captcha-background/go-sdk/captcha_background_sdk/background_feature_engine.go:77.26,80.4 2 1
github.com/JSREI/force-fuck-captcha-background/go-sdk/captcha_background_sdk/background_feature_engine.go:82.2,87.30 4 1
github.com/JSREI/force-fuck-captcha-background/go-sdk/captcha_background_sdk/background_feature_engine.go:87.30,88.12 1 1
github.com/JSREI/force-fuck-captcha-background/go-sdk/captcha_background_sdk/background_feature_engine.go:88.12,90.4 1 1
github.com/JSREI/force-fuck-captcha-background/go-sdk/captcha_background_sdk/background_feature_engine.go:94.2,96.27 3 1
github.com/JSREI/force-fuck-captcha-background/go-sdk/captcha_background_sdk/background_feature_engine.go:96.27,97.28 1 1
github.com/JSREI/force-fuck-captcha-background/go-sdk/captcha_background_sdk/background_feature_engine.go:97.28,103.32 4 1
github.com/JSREI/force-fuck-captcha-background/go-sdk/captcha_background_sdk/background_feature_engine.go:103.32,105.5 1 1
github.com/JSREI/force-fuck-captcha-background/go-sdk/captcha_background_sdk/background_feature_engine.go:106.4,106.16 1 1
github.com/JSREI/force-fuck-captcha-background/go-sdk/captcha_background_sdk/background_feature_engine.go:110.2,111.20 2 1
github.com/JSREI/force-fuck-captcha-background/go-sdk/captcha_background_sdk/background_feature_engine.go:111.20,113.3 1 1
github.com/JSREI/force-fuck-captcha-background/go-sdk/captcha_background_sdk/background_feature_engine.go:116.2,120.35 4 1
github.com/JSREI/force-fuck-captcha-background/go-sdk/captcha_background_sdk/background_feature_engine.go:120.35,121.36 1 1
github.com/JSREI/force-fuck-captcha-background/go-sdk/captcha_background_sdk/background_feature_engine.go:121.36,127.16 5 1
github.com/JSREI/force-fuck-captcha-background/go-sdk/captcha_background_sdk/background_feature_engine.go:127.16,129.5 1 0
github.com/JSREI/force-fuck-captcha-background/go-sdk/captcha_background_sdk/background_feature_engine.go:131.4,133.16 3 1
github.com/JSREI/force-fuck-captcha-background/go-sdk/captcha_background_sdk/background_feature_engine.go:133.16,135.5 1 0
github.com/JSREI/force-fuck-captcha-background/go-sdk/captcha_background_sdk/background_feature_engine.go:137.4,137.35 1 1
github.com/JSREI/force-fuck-captcha-background/go-sdk/captcha_background_sdk/background_feature_engine.go:137.35,138.36 1 1
github.com/JSREI/force-fuck-captcha-background/go-sdk/captcha_background_sdk/background_feature_engine.go:138.36,141.6 2 1
github.com/JSREI/force-fuck-captcha-background/go-sdk/captcha_background_sdk/background_feature_engine.go:144.4,144.22 1 1
github.com/JSREI/force-fuck-captcha-background/go-sdk/captcha_background_sdk/background_feature_engine.go:144.22,146.5 1 1
github.com/JSREI/force-fuck-captcha-background/go-sdk/captcha_background_sdk/background_feature_engine.go:150.2,164.3 1 1
github.com/JSREI/force-fuck-captcha-background/go-sdk/captcha_background_sdk/background_feature_engine.go:172.32,177.25 3 1
github.com/JSREI/force-fuck-captcha-background/go-sdk/captcha_background_sdk/background_feature_engine.go:177.25,179.26 2 1
github.com/JSREI/force-fuck-captcha-background/go-sdk/captcha_background_sdk/background_feature_engine.go:179.26,182.4 2 1
github.com/JSREI/force-fuck-captcha-background/go-sdk/captcha_background_sdk/background_feature_engine.go:185.2,188.31 3 1
github.com/JSREI/force-fuck-captcha-background/go-sdk/captcha_background_sdk/background_feature_engine.go:188.31,189.17 1 1
github.com/JSREI/force-fuck-captcha-background/go-sdk/captcha_background_sdk/background_feature_engine.go:189.17,190.12 1 1
github.com/JSREI/force-fuck-captcha-background/go-sdk/captcha_background_sdk/background_feature_engine.go:194.3,197.33 3 1
github.com/JSREI/force-fuck-captcha-background/go-sdk/captcha_background_sdk/background_feature_engine.go:197.33,198.34 1 1
github.com/JSREI/force-fuck-captcha-background/go-sdk/captcha_background_sdk/background_feature_engine.go:198.34,204.17 5 1
github.com/JSREI/force-fuck-captcha-background/go-sdk/captcha_background_sdk/background_feature_engine.go:204.17,206.6 1 0
github.com/JSREI/force-fuck-captcha-background/go-sdk/captcha_background_sdk/background_feature_engine.go:207.5,207.17 1 1
github.com/JSREI/force-fuck-captcha-background/go-sdk/captcha_background_sdk/background_feature_engine.go:207.17,209.6 1 0
github.com/JSREI/force-fuck-captcha-background/go-sdk/captcha_background_sdk/background_feature_engine.go:212.5,215.36 3 1
github.com/JSREI/force-fuck-captcha-background/go-sdk/captcha_background_sdk/background_feature_engine.go:215.36,216.37 1 1
github.com/JSREI/force-fuck-captcha-background/go-sdk/captcha_background_sdk/background_feature_engine.go:216.37,219.7 2 1
github.com/JSREI/force-fuck-captcha-background/go-sdk/captcha_background_sdk/background_feature_engine.go:222.5,222.24 1 1
github.com/JSREI/force-fuck-captcha-background/go-sdk/captcha_background_sdk/background_feature_engine.go:222.24,224.6 1 1
github.com/JSREI/force-fuck-captcha-background/go-sdk/captcha_background_sdk/background_feature_engine.go:227.5,228.36 2 1
github.com/JSREI/force-fuck-captcha-background/go-sdk/captcha_background_sdk/background_feature_engine.go:228.36,229.37 1 1
github.com/JSREI/force-fuck-captcha-background/go-sdk/captcha_background_sdk/background_feature_engine.go:229.37,232.7 2 1
github.com/JSREI/force-fuck-captcha-background/go-sdk/captcha_background_sdk/background_feature_engine.go:234.5,235.24 2 1
github.com/JSREI/force-fuck-captcha-background/go-sdk/captcha_background_sdk/background_feature_engine.go:235.24,237.6 1 1
github.com/JSREI/force-fuck-captcha-background/go-sdk/captcha_background_sdk/background_feature_engine.go:240.5,242.42 3 1
github.com/JSREI/force-fuck-captcha-background/go-sdk/captcha_background_sdk/background_feature_engine.go:242.42,243.43 1 1
github.com/JSREI/force-fuck-captcha-background/go-sdk/captcha_background_sdk/background_feature_engine.go:243.43,248.35 4 1
github.com/JSREI/force-fuck-captcha-background/go-sdk/captcha_background_sdk/background_feature_engine.go:248.35,250.8 1 0
github.com/JSREI/force-fuck-captcha-background/go-sdk/captcha_background_sdk/background_feature_engine.go:251.7,251.24 1 1
github.com/JSREI/force-fuck-captcha-background/go-sdk/captcha_background_sdk/background_feature_engine.go:255.5,256.28 2 1
github.com/JSREI/force-fuck-captcha-background/go-sdk/captcha_background_sdk/background_feature_engine.go:256.28,258.6 1 1
github.com/JSREI/force-fuck-captcha-background/go-sdk/captcha_background_sdk/background_feature_engine.go:261.5,265.17 4 1
github.com/JSREI/force-fuck-captcha-background/go-sdk/captcha_background_sdk/background_feature_engine.go:270.2,279.3 1 1
github.com/JSREI/force-fuck-captcha-background/go-sdk/captcha_background_sdk/background_index.go:26.38,29.20 2 1
github.com/JSREI/force-fuck-captcha-background/go-sdk/captcha_background_sdk/background_index.go:29.20,31.3 1 1
github.com/JSREI/force-fuck-captcha-background/go-sdk/captcha_background_sdk/background_index.go:34.2,34.27 1 1
github.com/JSREI/force-fuck-captcha-background/go-sdk/captcha_background_sdk/background_index.go:34.27,35.35 1 1
github.com/JSREI/force-fuck-captcha-background/go-sdk/captcha_background_sdk/background_index.go:35.35,37.4 1 0
github.com/JSREI/force-fuck-captcha-background/go-sdk/captcha_background_sdk/background_index.go:38.3,38.37 1 1
github.com/JSREI/force-fuck-captcha-background/go-sdk/captcha_background_sdk/background_index.go:41.2,41.67 1 1
github.com/JSREI/force-fuck-captcha-background/go-sdk/captcha_background_sdk/background_index.go:41.67,42.17 1 1
github.com/JSREI/force-fuck-captcha-background/go-sdk/captcha_background_sdk/background_index.go:42.17,44.4 1 1
github.com/JSREI/force-fuck-captcha-background/go-sdk/captcha_background_sdk/background_index.go:46.3,46.19 1 1
github.com/JSREI/force-fuck-captcha-background/go-sdk/captcha_background_sdk/background_index.go:46.19,47.43 1 1
github.com/JSREI/force-fuck-captcha-background/go-sdk/captcha_background_sdk/background_index.go:47.43,49.5 1 1
github.com/JSREI/force-fuck-captcha-background/go-sdk/captcha_background_sdk/background_index.go:50.4,50.14 1 1
github.com/JSREI/force-fuck-captcha-background/go-sdk/captcha_background_sdk/background_index.go:54.3,56.28 3 1
github.com/JSREI/force-fuck-captcha-background/go-sdk/captcha_background_sdk/background_index.go:56.28,57.22 1 1
github.com/JSREI/force-fuck-captcha-background/go-sdk/captcha_background_sdk/background_index.go:57.22,59.10 2 1
github.com/JSREI/force-fuck-captcha-background/go-sdk/captcha_background_sdk/background_index.go:62.3,62.13 1 1
github.com/JSREI/force-fuck-captcha-background/go-sdk/captcha_background_sdk/background_index.go:62.13,64.4 1 1
github.com/JSREI/force-fuck-captcha-background/go-sdk/captcha_background_sdk/background_index.go:67.3,68.17 2 1
github.com/JSREI/force-fuck-captcha-background/go-sdk/captcha_background_sdk/background_index.go:68.17,70.4 1 0
github.com/JSREI/force-fuck-captcha-background/go-sdk/captcha_background_sdk/background_index.go:73.3,74.17 2 1
github.com/JSREI/force-fuck-captcha-background/go-sdk/captcha_background_sdk/background_index.go:74.17,76.4 1 0
github.com/JSREI/force-fuck-captcha-background/go-sdk/captcha_background_sdk/background_index.go:78.3,86.41 2 1
github.com/JSREI/force-fuck-captcha-background/go-sdk/captcha_background_sdk/background_index.go:86.41,88.4 1 1
github.com/JSREI/force-fuck-captcha-background/go-sdk/captcha_background_sdk/background_index.go:90.3,91.13 2 1
github.com/JSREI/force-fuck-captcha-background/go-sdk/captcha_background_sdk/background_index.go:94.2,95.16 2 1
github.com/JSREI/force-fuck-captcha-background/go-sdk/captcha_background_sdk/background_index.go:95.16,97.3 1 1
github.com/JSREI/force-fuck-captcha-background/go-sdk/captcha_background_sdk/background_index.go:99.2,99.19 1 1
github.com/JSREI/force-fuck-captcha-background/go-sdk/captcha_background_sdk/background_index.go:103.87,106.29 2 1
github.com/JSREI/force-fuck-captcha-background/go-sdk/captcha_background_sdk/background_index.go:106.29,108.17 2 1
github.com/JSREI/force-fuck-captcha-background/go-sdk/captcha_background_sdk/background_index.go:108.17,110.4 1 0
github.com/JSREI/force-fuck-captcha-background/go-sdk/captcha_background_sdk/background_index.go:112.3,113.17 2 1
github.com/JSREI/force-fuck-captcha-background/go-sdk/captcha_background_sdk/background_index.go:113.17,115.4 1 0
github.com/JSREI/force-fuck-captcha-background/go-sdk/captcha_background_sdk/background_index.go:117.3,124.41 2 1
github.com/JSREI/force-fuck-captcha-background/go-sdk/captcha_background_sdk/background_index.go:124.41,126.4 1 1
github.com/JSREI/force-fuck-captcha-background/go-sdk/captcha_background_sdk/background_index.go:128.3,128.24 1 1
github.com/JSREI/force-fuck-captcha-background/go-sdk/captcha_background_sdk/background_index.go:131.2,131.19 1 1
github.com/JSREI/force-fuck-captcha-background/go-sdk/captcha_background_sdk/captcha_background_sdk.go:73.23,87.2 1 1
github.com/JSREI/force-fuck-captcha-background/go-sdk/captcha_background_sdk/captcha_background_sdk.go:94.25,96.2 1 1
github.com/JSREI/force-fuck-captcha-background/go-sdk/captcha_background_sdk/component_extractor.go:38.15,39.44 1 1
github.com/JSREI/force-fuck-captcha-background/go-sdk/captcha_background_sdk/component_extractor.go:39.44,41.3 1 0
github.com/JSREI/force-fuck-captcha-background/go-sdk/captcha_background_sdk/component_extractor.go:43.2,46.30 3 1
github.com/JSREI/force-fuck-captcha-background/go-sdk/captcha_background_sdk/component_extractor.go:46.30,47.30 1 1
github.com/JSREI/force-fuck-captcha-background/go-sdk/captcha_background_sdk/component_extractor.go:47.30,49.34 2 1
github.com/JSREI/force-fuck-captcha-background/go-sdk/captcha_background_sdk/component_extractor.go:49.34,50.13 1 1
github.com/JSREI/force-fuck-captcha-background/go-sdk/captcha_background_sdk/component_extractor.go:54.4,63.50 2 1
github.com/JSREI/force-fuck-captcha-background/go-sdk/captcha_background_sdk/component_extractor.go:63.50,65.5 1 1
github.com/JSREI/force-fuck-captcha-background/go-sdk/captcha_background_sdk/component_extractor.go:69.2,69.19 1 1
github.com/JSREI/force-fuck-captcha-background/go-sdk/captcha_background_sdk/component_extractor.go:82.13,93.23 8 1
github.com/JSREI/force-fuck-captcha-background/go-sdk/captcha_background_sdk/component_extractor.go:93.23,95.3 1 1
github.com/JSREI/force-fuck-captcha-background/go-sdk/captcha_background_sdk/component_extractor.go:95.8,101.3 1 1
github.com/JSREI/force-fuck-captcha-background/go-sdk/captcha_background_sdk/component_extractor.go:103.2,106.21 3 1
github.com/JSREI/force-fuck-captcha-background/go-sdk/captcha_background_sdk/component_extractor.go:106.21,115.18 6 1
github.com/JSREI/force-fuck-captcha-background/go-sdk/captcha_background_sdk/component_extractor.go:115.18,117.4 1 0
github.com/JSREI/force-fuck-captcha-background/go-sdk/captcha_background_sdk/component_extractor.go:118.3,118.18 1 1
github.com/JSREI/force-fuck-captcha-background/go-sdk/captcha_background_sdk/component_extractor.go:118.18,120.4 1 1
github.com/JSREI/force-fuck-captcha-background/go-sdk/captcha_background_sdk/component_extractor.go:121.3,121.18 1 1
github.com/JSREI/force-fuck-captcha-background/go-sdk/captcha_background_sdk/component_extractor.go:121.18,123.4 1 0
github.com/JSREI/force-fuck-captcha-background/go-sdk/captcha_background_sdk/component_extractor.go:124.3,124.18 1 1
github.com/JSREI/force-fuck-captcha-background/go-sdk/captcha_background_sdk/component_extractor.go:124.18,126.4 1 1
github.com/JSREI/force-fuck-captcha-background/go-sdk/captcha_background_sdk/component_extractor.go:129.3,129.32 1 1
github.com/JSREI/force-fuck-captcha-background/go-sdk/captcha_background_sdk/component_extractor.go:129.32,131.55 2 1
github.com/JSREI/force-fuck-captcha-background/go-sdk/captcha_background_sdk/component_extractor.go:131.55,132.13 1 0
github.com/JSREI/force-fuck-captcha-background/go-sdk/captcha_background_sdk/component_extractor.go:135.4,136.36 2 1
github.com/JSREI/force-fuck-captcha-background/go-sdk/captcha_background_sdk/component_extractor.go:136.36,137.13 1 1
github.com/JSREI/force-fuck-captcha-background/go-sdk/captcha_background_sdk/component_extractor.go:141.4,141.22 1 1
github.com/JSREI/force-fuck-captcha-background/go-sdk/captcha_background_sdk/component_extractor.go:141.22,143.35 2 1
github.com/JSREI/force-fuck-captcha-background/go-sdk/captcha_background_sdk/component_extractor.go:143.35,144.14 1 1
github.com/JSREI/force-fuck-captcha-background/go-sdk/captcha_background_sdk/component_extractor.go:148.4,149.40 2 1
github.com/JSREI/force-fuck-captcha-background/go-sdk/captcha_background_sdk/component_extractor.go:154.2,162.19 3 1
github.com/JSREI/force-fuck-captcha-background/go-sdk/captcha_background_sdk/component_extractor.go:162.19,164.3 1 1
github.com/JSREI/force-fuck-captcha-background/go-sdk/captcha_background_sdk/component_extractor.go:166.2,166.15 1 1
github.com/JSREI/force-fuck-captcha-background/go-sdk/captcha_background_sdk/component_extractor.go:170.42,172.2 1 1
github.com/JSREI/force-fuck-captcha-background/go-sdk/captcha_background_sdk/component_extractor.go:175.51,176.22 1 1
github.com/JSREI/force-fuck-captcha-background/go-sdk/captcha_background_sdk/component_extractor.go:176.22,178.3 1 0
github.com/JSREI/force-fuck-captcha-background/go-sdk/captcha_background_sdk/component_extractor.go:180.2,181.27 2 1
github.com/JSREI/force-fuck-captcha-background/go-sdk/captcha_background_sdk/component_extractor.go:181.27,185.3 3 1
github.com/JSREI/force-fuck-captcha-background/go-sdk/captcha_background_sdk/component_extractor.go:187.2,188.42 2 1
github.com/JSREI/force-fuck-captcha-background/go-sdk/captcha_background_sdk/diff_engine.go:23.88,30.28 5 1
github.com/JSREI/force-fuck-captcha-background/go-sdk/captcha_background_sdk/diff_engine.go:30.28,35.33 4 1
github.com/JSREI/force-fuck-captcha-background/go-sdk/captcha_background_sdk/diff_engine.go:35.33,38.4 2 1
github.com/JSREI/force-fuck-captcha-background/go-sdk/captcha_background_sdk/diff_engine.go:41.2,44.3 1 1
github.com/JSREI/force-fuck-captcha-background/go-sdk/captcha_background_sdk/diff_engine.go:48.44,50.27 2 1
github.com/JSREI/force-fuck-captcha-background/go-sdk/captcha_background_sdk/diff_engine.go:50.27,51.8 1 1
github.com/JSREI/force-fuck-captcha-background/go-sdk/captcha_background_sdk/diff_engine.go:51.8,53.4 1 1
github.com/JSREI/force-fuck-captcha-background/go-sdk/captcha_background_sdk/diff_engine.go:55.2,55.14 1 1
github.com/JSREI/force-fuck-captcha-background/go-sdk/captcha_background_sdk/font_glyph_batch.go:18.71,20.2 1 1
github.com/JSREI/force-fuck-captcha-background/go-sdk/captcha_background_sdk/font_glyph_batch.go:45.37,48.16 2 1
github.com/JSREI/force-fuck-captcha-background/go-sdk/captcha_background_sdk/font_glyph_batch.go:48.16,50.3 1 0
github.com/JSREI/force-fuck-captcha-background/go-sdk/captcha_background_sdk/font_glyph_batch.go:52.2,52.37 1 1
github.com/JSREI/force-fuck-captcha-background/go-sdk/captcha_background_sdk/font_glyph_batch.go:52.37,54.3 1 1
github.com/JSREI/force-fuck-captcha-background/go-sdk/captcha_background_sdk/font_glyph_batch.go:56.2,60.29 4 1
github.com/JSREI/force-fuck-captcha-background/go-sdk/captcha_background_sdk/font_glyph_batch.go:60.29,64.17 3 1
github.com/JSREI/force-fuck-captcha-background/go-sdk/captcha_background_sdk/font_glyph_batch.go:64.17,72.24 4 1
github.com/JSREI/force-fuck-captcha-background/go-sdk/captcha_background_sdk/font_glyph_batch.go:72.24,73.10 1 0
github.com/JSREI/force-fuck-captcha-background/go-sdk/captcha_background_sdk/font_glyph_batch.go:75.4,75.12 1 1
github.com/JSREI/force-fuck-captcha-background/go-sdk/captcha_background_sdk/font_glyph_batch.go:79.3,106.22 6 1
github.com/JSREI/force-fuck-captcha-background/go-sdk/captcha_background_sdk/font_glyph_batch.go:106.22,108.4 1 0
github.com/JSREI/force-fuck-captcha-background/go-sdk/captcha_background_sdk/font_glyph_batch.go:109.3,109.30 1 1
github.com/JSREI/force-fuck-captcha-background/go-sdk/captcha_background_sdk/font_glyph_batch.go:112.2,120.8 1 1
github.com/JSREI/force-fuck-captcha-background/go-sdk/captcha_background_sdk/font_glyph_batch.go:124.100,125.20 1 1
github.com/JSREI/force-fuck-captcha-background/go-sdk/captcha_background_sdk/font_glyph_batch.go:125.20,127.3 1 1
github.com/JSREI/force-fuck-captcha-background/go-sdk/captcha_background_sdk/font_glyph_batch.go:129.2,130.67 2 1
github.com/JSREI/force-fuck-captcha-background/go-sdk/captcha_background_sdk/font_glyph_batch.go:130.67,131.17 1 1
github.com/JSREI/force-fuck-captcha-background/go-sdk/captcha_background_sdk/font_glyph_batch.go:131.17,133.4 1 0
github.com/JSREI/force-fuck-captcha-background/go-sdk/captcha_background_sdk/font_glyph_batch.go:134.3,134.19 1 1
github.com/JSREI/force-fuck-captcha-background/go-sdk/captcha_background_sdk/font_glyph_batch.go:134.19,135.33 1 1
github.com/JSREI/force-fuck-captcha-background/go-sdk/captcha_background_sdk/font_glyph_batch.go:135.33,137.5 1 1
github.com/JSREI/force-fuck-captcha-background/go-sdk/captcha_background_sdk/font_glyph_batch.go:138.4,138.14 1 1
github.com/JSREI/force-fuck-captcha-background/go-sdk/captcha_background_sdk/font_glyph_batch.go:141.3,141.24 1 1
github.com/JSREI/force-fuck-captcha-background/go-sdk/captcha_background_sdk/font_glyph_batch.go:141.24,143.18 2 1
github.com/JSREI/force-fuck-captcha-background/go-sdk/captcha_background_sdk/font_glyph_batch.go:143.18,145.5 1 0
github.com/JSREI/force-fuck-captcha-background/go-sdk/captcha_background_sdk/font_glyph_batch.go:146.4,146.34 1 1
github.com/JSREI/force-fuck-captcha-background/go-sdk/captcha_background_sdk/font_glyph_batch.go:148.3,148.13 1 1
github.com/JSREI/force-fuck-captcha-background/go-sdk/captcha_background_sdk/font_glyph_batch.go:151.2,151.53 1 1
github.com/JSREI/force-fuck-captcha-background/go-sdk/captcha_background_sdk/font_glyph_batch.go:151.53,153.3 1 0
github.com/JSREI/force-fuck-captcha-background/go-sdk/captcha_background_sdk/font_glyph_batch.go:155.2,155.19 1 1
github.com/JSREI/force-fuck-captcha-background/go-sdk/captcha_background_sdk/font_glyph_batch.go:164.9,167.16 2 1
github.com/JSREI/force-fuck-captcha-background/go-sdk/captcha_background_sdk/font_glyph_batch.go:167.16,169.3 1 0
github.com/JSREI/force-fuck-captcha-background/go-sdk/captcha_background_sdk/font_glyph_batch.go:171.2,171.29 1 1
github.com/JSREI/force-fuck-captcha-background/go-sdk/captcha_background_sdk/font_glyph_batch.go:171.29,175.17 3 1
github.com/JSREI/force-fuck-captcha-background/go-sdk/captcha_background_sdk/font_glyph_batch.go:175.17,176.12 1 0
github.com/JSREI/force-fuck-captcha-background/go-sdk/captcha_background_sdk/font_glyph_batch.go:180.3,181.17 2 1
github.com/JSREI/force-fuck-captcha-background/go-sdk/captcha_background_sdk/font_glyph_batch.go:181.17,182.12 1 0
github.com/JSREI/force-fuck-captcha-background/go-sdk/captcha_background_sdk/font_glyph_batch.go:186.3,197.17 4 1
github.com/JSREI/force-fuck-captcha-background/go-sdk/captcha_background_sdk/font_glyph_batch.go:197.17,199.4 1 0
github.com/JSREI/force-fuck-captcha-background/go-sdk/captcha_background_sdk/font_glyph_batch.go:202.2,202.12 1 1
github.com/JSREI/force-fuck-captcha-background/go-sdk/captcha_background_sdk/font_glyph_extractor.go:18.77,20.2 1 1
github.com/JSREI/force-fuck-captcha-background/go-sdk/captcha_background_sdk/font_glyph_extractor.go:35.36,38.16 2 1
github.com/JSREI/force-fuck-captcha-background/go-sdk/captcha_background_sdk/font_glyph_extractor.go:38.16,40.3 1 1
github.com/JSREI/force-fuck-captcha-background/go-sdk/captcha_background_sdk/font_glyph_extractor.go:43.2,44.16 2 1
github.com/JSREI/force-fuck-captcha-background/go-sdk/captcha_background_sdk/font_glyph_extractor.go:44.16,46.3 1 0
github.com/JSREI/force-fuck-captcha-background/go-sdk/captcha_background_sdk/font_glyph_extractor.go:49.2,50.47 2 1
github.com/JSREI/force-fuck-captcha-background/go-sdk/captcha_background_sdk/font_glyph_extractor.go:50.47,53.3 2 1
github.com/JSREI/force-fuck-captcha-background/go-sdk/captcha_background_sdk/font_glyph_extractor.go:55.2,65.8 1 1
github.com/JSREI/force-fuck-captcha-background/go-sdk/captcha_background_sdk/font_glyph_extractor.go:75.13,81.30 4 1
github.com/JSREI/force-fuck-captcha-background/go-sdk/captcha_background_sdk/font_glyph_extractor.go:81.30,83.30 2 1
github.com/JSREI/force-fuck-captcha-background/go-sdk/captcha_background_sdk/font_glyph_extractor.go:83.30,85.4 1 1
github.com/JSREI/force-fuck-captcha-background/go-sdk/captcha_background_sdk/font_glyph_extractor.go:89.2,89.32 1 1
github.com/JSREI/force-fuck-captcha-background/go-sdk/captcha_background_sdk/font_glyph_extractor.go:89.32,91.87 2 0
github.com/JSREI/force-fuck-captcha-background/go-sdk/captcha_background_sdk/font_glyph_extractor.go:91.87,95.4 3 0
github.com/JSREI/force-fuck-captcha-background/go-sdk/captcha_background_sdk/font_glyph_extractor.go:98.2,99.19 2 1
github.com/JSREI/force-fuck-captcha-background/go-sdk/captcha_background_sdk/font_glyph_extractor.go:99.19,101.31 2 0
github.com/JSREI/force-fuck-captcha-background/go-sdk/captcha_background_sdk/font_glyph_extractor.go:101.31,103.31 2 0
github.com/JSREI/force-fuck-captcha-background/go-sdk/captcha_background_sdk/font_glyph_extractor.go:103.31,108.5 4 0
github.com/JSREI/force-fuck-captcha-background/go-sdk/captcha_background_sdk/font_glyph_extractor.go:112.2,113.19 2 1
github.com/JSREI/force-fuck-captcha-background/go-sdk/captcha_background_sdk/font_glyph_extractor.go:113.19,115.3 1 0
github.com/JSREI/force-fuck-captcha-background/go-sdk/captcha_background_sdk/font_glyph_extractor.go:117.2,127.3 1 1
github.com/JSREI/force-fuck-captcha-background/go-sdk/captcha_background_sdk/font_glyph_extractor.go:135.36,138.16 2 1
github.com/JSREI/force-fuck-captcha-background/go-sdk/captcha_background_sdk/font_glyph_extractor.go:138.16,140.3 1 0
github.com/JSREI/force-fuck-captcha-background/go-sdk/captcha_background_sdk/font_glyph_extractor.go:143.2,144.16 2 1
github.com/JSREI/force-fuck-captcha-background/go-sdk/captcha_background_sdk/font_glyph_extractor.go:144.16,146.3 1 0
github.com/JSREI/force-fuck-captcha-background/go-sdk/captcha_background_sdk/font_glyph_extractor.go:149.2,150.44 2 1
github.com/JSREI/force-fuck-captcha-background/go-sdk/captcha_background_sdk/font_glyph_extractor.go:150.44,153.3 2 0
github.com/JSREI/force-fuck-captcha-background/go-sdk/captcha_background_sdk/font_glyph_extractor.go:155.2,165.8 1 1
github.com/JSREI/force-fuck-captcha-background/go-sdk/captcha_background_sdk/font_glyph_extractor.go:175.13,181.30 4 0
github.com/JSREI/force-fuck-captcha-background/go-sdk/captcha_background_sdk/font_glyph_extractor.go:181.30,183.30 2 0
github.com/JSREI/force-fuck-captcha-background/go-sdk/captcha_background_sdk/font_glyph_extractor.go:183.30,185.4 1 0
github.com/JSREI/force-fuck-captcha-background/go-sdk/captcha_background_sdk/font_glyph_extractor.go:189.2,189.34 1 0
github.com/JSREI/force-fuck-captcha-background/go-sdk/captcha_background_sdk/font_glyph_extractor.go:189.34,191.95 2 0
github.com/JSREI/force-fuck-captcha-background/go-sdk/captcha_background_sdk/font_glyph_extractor.go:191.95,195.4 3 0
github.com/JSREI/force-fuck-captcha-background/go-sdk/captcha_background_sdk/font_glyph_extractor.go:198.2,199.19 2 0
github.com/JSREI/force-fuck-captcha-background/go-sdk/captcha_background_sdk/font_glyph_extractor.go:199.19,201.31 2 0
github.com/JSREI/force-fuck-captcha-background/go-sdk/captcha_background_sdk/font_glyph_extractor.go:201.31,203.31 2 0
github.com/JSREI/force-fuck-captcha-background/go-sdk/captcha_background_sdk/font_glyph_extractor.go:203.31,208.5 4 0
github.com/JSREI/force-fuck-captcha-background/go-sdk/captcha_background_sdk/font_glyph_extractor.go:212.2,213.19 2 0
github.com/JSREI/force-fuck-captcha-background/go-sdk/captcha_background_sdk/font_glyph_extractor.go:213.19,215.3 1 0
github.com/JSREI/force-fuck-captcha-background/go-sdk/captcha_background_sdk/font_glyph_extractor.go:218.2,219.28 2 0
github.com/JSREI/force-fuck-captcha-background/go-sdk/captcha_background_sdk/font_glyph_extractor.go:219.28,221.3 1 0
github.com/JSREI/force-fuck-captcha-background/go-sdk/captcha_background_sdk/font_glyph_extractor.go:223.2,233.3 1 0
github.com/JSREI/force-fuck-captcha-background/go-sdk/captcha_background_sdk/font_glyph_extractor.go:243.40,244.53 1 1
github.com/JSREI/force-fuck-captcha-background/go-sdk/captcha_background_sdk/font_glyph_extractor.go:244.53,246.3 1 0
github.com/JSREI/force-fuck-captcha-background/go-sdk/captcha_background_sdk/font_glyph_extractor.go:248.2,249.18 2 1
github.com/JSREI/force-fuck-captcha-background/go-sdk/captcha_background_sdk/font_glyph_extractor.go:249.18,251.3 1 1
github.com/JSREI/force-fuck-captcha-background/go-sdk/captcha_background_sdk/font_glyph_extractor.go:253.2,256.31 3 1
github.com/JSREI/force-fuck-captcha-background/go-sdk/captcha_background_sdk/font_glyph_extractor.go:256.31,261.57 4 1
github.com/JSREI/force-fuck-captcha-background/go-sdk/captcha_background_sdk/font_glyph_extractor.go:261.57,262.12 1 0
github.com/JSREI/force-fuck-captcha-background/go-sdk/captcha_background_sdk/font_glyph_extractor.go:265.3,273.18 2 1
github.com/JSREI/force-fuck-captcha-background/go-sdk/captcha_background_sdk/font_glyph_extractor.go:276.2,283.8 1 1
github.com/JSREI/force-fuck-captcha-background/go-sdk/captcha_background_sdk/font_glyph_features.go:13.56,15.2 1 1
github.com/JSREI/force-fuck-captcha-background/go-sdk/captcha_background_sdk/font_glyph_features.go:32.21,38.36 3 1
github.com/JSREI/force-fuck-captcha-background/go-sdk/captcha_background_sdk/font_glyph_features.go:38.36,39.36 1 1
github.com/JSREI/force-fuck-captcha-background/go-sdk/captcha_background_sdk/font_glyph_features.go:39.36,41.4 1 1
github.com/JSREI/force-fuck-captcha-background/go-sdk/captcha_background_sdk/font_glyph_features.go:45.2,47.29 3 1
github.com/JSREI/force-fuck-captcha-background/go-sdk/captcha_background_sdk/font_glyph_features.go:47.29,48.12 1 1
github.com/JSREI/force-fuck-captcha-background/go-sdk/captcha_background_sdk/font_glyph_features.go:48.12,50.4 1 1
github.com/JSREI/force-fuck-captcha-background/go-sdk/captcha_background_sdk/font_glyph_features.go:52.2,65.3 2 1
github.com/JSREI/force-fuck-captcha-background/go-sdk/captcha_background_sdk/font_glyph_features.go:74.11,77.19 3 1
github.com/JSREI/force-fuck-captcha-background/go-sdk/captcha_background_sdk/font_glyph_features.go:77.19,79.3 1 1
github.com/JSREI/force-fuck-captcha-background/go-sdk/captcha_background_sdk/font_glyph_features.go:81.2,81.37 1 1
github.com/JSREI/force-fuck-captcha-background/go-sdk/captcha_background_sdk/font_glyph_features.go:81.37,84.37 2 1
github.com/JSREI/force-fuck-captcha-background/go-sdk/captcha_background_sdk/font_glyph_features.go:84.37,86.4 1 1
github.com/JSREI/force-fuck-captcha-background/go-sdk/captcha_background_sdk/font_glyph_features.go:87.3,87.16 1 1
github.com/JSREI/force-fuck-captcha-background/go-sdk/captcha_background_sdk/font_glyph_features.go:91.2,94.21 3 1
github.com/JSREI/force-fuck-captcha-background/go-sdk/captcha_background_sdk/font_glyph_features.go:94.21,99.3 3 0
github.com/JSREI/force-fuck-captcha-background/go-sdk/captcha_background_sdk/font_glyph_features.go:102.2,103.36 2 1
github.com/JSREI/force-fuck-captcha-background/go-sdk/captcha_background_sdk/font_glyph_features.go:103.36,105.3 1 1
github.com/JSREI/force-fuck-captcha-background/go-sdk/captcha_background_sdk/font_glyph_features.go:108.2,108.36 1 1
github.com/JSREI/force-fuck-captcha-background/go-sdk/captcha_background_sdk/font_glyph_features.go:108.36,109.36 1 1
github.com/JSREI/force-fuck-captcha-background/go-sdk/captcha_background_sdk/font_glyph_features.go:109.36,113.69 3 1
github.com/JSREI/force-fuck-captcha-background/go-sdk/captcha_background_sdk/font_glyph_features.go:113.69,115.5 1 1
github.com/JSREI/force-fuck-captcha-background/go-sdk/captcha_background_sdk/font_glyph_features.go:119.2,119.15 1 1
github.com/JSREI/force-fuck-captcha-background/go-sdk/captcha_background_sdk/font_glyph_features.go:128.22,130.24 2 1
github.com/JSREI/force-fuck-captcha-background/go-sdk/captcha_background_sdk/font_glyph_features.go:130.24,133.3 2 1
github.com/JSREI/force-fuck-captcha-background/go-sdk/captcha_background_sdk/font_glyph_features.go:134.2,134.17 1 1
github.com/JSREI/force-fuck-captcha-background/go-sdk/captcha_background_sdk/font_glyph_features.go:144.31,149.37 3 1
github.com/JSREI/force-fuck-captcha-background/go-sdk/captcha_background_sdk/font_glyph_features.go:149.37,150.42 1 1
github.com/JSREI/force-fuck-captcha-background/go-sdk/captcha_background_sdk/font_glyph_features.go:150.42,151.49 1 1
github.com/JSREI/force-fuck-captcha-background/go-sdk/captcha_background_sdk/font_glyph_features.go:151.49,153.5 1 1
github.com/JSREI/force-fuck-captcha-background/go-sdk/captcha_background_sdk/font_glyph_features.go:158.2,161.33 3 1
github.com/JSREI/force-fuck-captcha-background/go-sdk/captcha_background_sdk/font_glyph_features.go:161.33,167.3 1 1
github.com/JSREI/force-fuck-captcha-background/go-sdk/captcha_background_sdk/font_glyph_features.go:170.2,170.35 1 1
github.com/JSREI/force-fuck-captcha-background/go-sdk/captcha_background_sdk/font_glyph_features.go:170.35,171.21 1 1
github.com/JSREI/force-fuck-captcha-background/go-sdk/captcha_background_sdk/font_glyph_features.go:171.21,172.9 1 1
github.com/JSREI/force-fuck-captcha-background/go-sdk/captcha_background_sdk/font_glyph_features.go:174.3,182.16 2 1
github.com/JSREI/force-fuck-captcha-background/go-sdk/captcha_background_sdk/font_glyph_features.go:185.2,193.3 1 1
github.com/JSREI/force-fuck-captcha-background/go-sdk/captcha_background_sdk/foreground_skew.go:13.60,15.2 1 1
github.com/JSREI/force-fuck-captcha-background/go-sdk/captcha_background_sdk/foreground_skew.go:33.33,38.25 3 1
github.com/JSREI/force-fuck-captcha-background/go-sdk/captcha_background_sdk/foreground_skew.go:38.25,39.26 1 1
github.com/JSREI/force-fuck-captcha-background/go-sdk/captcha_background_sdk/foreground_skew.go:39.26,41.21 2 1
github.com/JSREI/force-fuck-captcha-background/go-sdk/captcha_background_sdk/foreground_skew.go:41.21,43.5 1 1
github.com/JSREI/force-fuck-captcha-background/go-sdk/captcha_background_sdk/foreground_skew.go:47.2,48.28 2 1
github.com/JSREI/force-fuck-captcha-background/go-sdk/captcha_background_sdk/foreground_skew.go:48.28,55.3 1 1
github.com/JSREI/force-fuck-captcha-background/go-sdk/captcha_background_sdk/foreground_skew.go:58.2,59.27 2 1
github.com/JSREI/force-fuck-captcha-background/go-sdk/captcha_background_sdk/foreground_skew.go:59.27,62.3 2 1
github.com/JSREI/force-fuck-captcha-background/go-sdk/captcha_background_sdk/foreground_skew.go:63.2,68.27 4 1
github.com/JSREI/force-fuck-captcha-background/go-sdk/captcha_background_sdk/foreground_skew.go:68.27,74.3 5 1
github.com/JSREI/force-fuck-captcha-background/go-sdk/captcha_background_sdk/foreground_skew.go:77.2,87.22 7 1
github.com/JSREI/force-fuck-captcha-background/go-sdk/captcha_background_sdk/foreground_skew.go:87.22,89.3 1 0
github.com/JSREI/force-fuck-captcha-background/go-sdk/captcha_background_sdk/foreground_skew.go:91.2,96.21 4 1
github.com/JSREI/force-fuck-captcha-background/go-sdk/captcha_background_sdk/foreground_skew.go:96.21,98.3 1 0
github.com/JSREI/force-fuck-captcha-background/go-sdk/captcha_background_sdk/foreground_skew.go:104.2,105.26 2 1
github.com/JSREI/force-fuck-captcha-background/go-sdk/captcha_background_sdk/foreground_skew.go:105.26,109.3 1 1
github.com/JSREI/force-fuck-captcha-background/go-sdk/captcha_background_sdk/foreground_skew.go:109.8,109.20 1 1
github.com/JSREI/force-fuck-captcha-background/go-sdk/captcha_background_sdk/foreground_skew.go:109.20,112.3 1 1
github.com/JSREI/force-fuck-captcha-background/go-sdk/captcha_background_sdk/foreground_skew.go:112.8,112.20 1 1
github.com/JSREI/force-fuck-captcha-background/go-sdk/captcha_background_sdk/foreground_skew.go:112.20,115.3 1 1
github.com/JSREI/force-fuck-captcha-background/go-sdk/captcha_background_sdk/foreground_skew.go:115.8,118.3 1 1
github.com/JSREI/force-fuck-captcha-background/go-sdk/captcha_background_sdk/foreground_skew.go:126.2,126.17 1 1
github.com/JSREI/force-fuck-captcha-background/go-sdk/captcha_background_sdk/foreground_skew.go:126.17,128.3 1 0
github.com/JSREI/force-fuck-captcha-background/go-sdk/captcha_background_sdk/foreground_skew.go:129.2,129.18 1 1
github.com/JSREI/force-fuck-captcha-background/go-sdk/captcha_background_sdk/foreground_skew.go:129.18,131.3 1 0
github.com/JSREI/force-fuck-captcha-background/go-sdk/captcha_background_sdk/foreground_skew.go:135.2,135.16 1 1
github.com/JSREI/force-fuck-captcha-background/go-sdk/captcha_background_sdk/foreground_skew.go:135.16,137.3 1 1
github.com/JSREI/force-fuck-captcha-background/go-sdk/captcha_background_sdk/foreground_skew.go:137.8,137.24 1 1
github.com/JSREI/force-fuck-captcha-background/go-sdk/captcha_background_sdk/foreground_skew.go:137.24,139.3 1 0
github.com/JSREI/force-fuck-captcha-background/go-sdk/captcha_background_sdk/foreground_skew.go:142.2,142.26 1 1
github.com/JSREI/force-fuck-captcha-background/go-sdk/captcha_background_sdk/foreground_skew.go:142.26,144.3 1 0
github.com/JSREI/force-fuck-captcha-background/go-sdk/captcha_background_sdk/foreground_skew.go:145.2,145.25 1 1
github.com/JSREI/force-fuck-captcha-background/go-sdk/captcha_background_sdk/foreground_skew.go:145.25,147.3 1 1
github.com/JSREI/force-fuck-captcha-background/go-sdk/captcha_background_sdk/foreground_skew.go:150.2,151.20 2 1
github.com/JSREI/force-fuck-captcha-background/go-sdk/captcha_background_sdk/foreground_skew.go:151.20,153.3 1 1
github.com/JSREI/force-fuck-captcha-background/go-sdk/captcha_background_sdk/foreground_skew.go:156.2,157.20 2 1
github.com/JSREI/force-fuck-captcha-background/go-sdk/captcha_background_sdk/foreground_skew.go:157.20,159.3 1 0
github.com/JSREI/force-fuck-captcha-background/go-sdk/captcha_background_sdk/foreground_skew.go:160.2,160.20 1 1
github.com/JSREI/force-fuck-captcha-background/go-sdk/captcha_background_sdk/foreground_skew.go:160.20,162.3 1 0
github.com/JSREI/force-fuck-captcha-background/go-sdk/captcha_background_sdk/foreground_skew.go:164.2,169.3 1 1
github.com/JSREI/force-fuck-captcha-background/go-sdk/captcha_background_sdk/group_id.go:20.51,36.2 6 1
github.com/JSREI/force-fuck-captcha-background/go-sdk/captcha_background_sdk/group_id.go:41.55,43.16 2 1
github.com/JSREI/force-fuck-captcha-background/go-sdk/captcha_background_sdk/group_id.go:43.16,45.3 1 1
github.com/JSREI/force-fuck-captcha-background/go-sdk/captcha_background_sdk/group_id.go:46.2,46.39 1 1
github.com/JSREI/force-fuck-captcha-background/go-sdk/captcha_background_sdk/image_utils.go:24.60,26.16 2 1
github.com/JSREI/force-fuck-captcha-background/go-sdk/captcha_background_sdk/image_utils.go:26.16,28.3 1 1
github.com/JSREI/force-fuck-captcha-background/go-sdk/captcha_background_sdk/image_utils.go:29.2,32.16 3 1
github.com/JSREI/force-fuck-captcha-background/go-sdk/captcha_background_sdk/image_utils.go:32.16,34.3 1 0
github.com/JSREI/force-fuck-captcha-background/go-sdk/captcha_background_sdk/image_utils.go:36.2,41.30 5 1
github.com/JSREI/force-fuck-captcha-background/go-sdk/captcha_background_sdk/image_utils.go:41.30,42.30 1 1
github.com/JSREI/force-fuck-captcha-background/go-sdk/captcha_background_sdk/image_utils.go:42.30,51.4 2 1
github.com/JSREI/force-fuck-captcha-background/go-sdk/captcha_background_sdk/image_utils.go:54.2,58.8 1 1
github.com/JSREI/force-fuck-captcha-background/go-sdk/captcha_background_sdk/image_utils.go:64.52,65.53 1 1
github.com/JSREI/force-fuck-captcha-background/go-sdk/captcha_background_sdk/image_utils.go:65.53,67.3 1 1
github.com/JSREI/force-fuck-captcha-background/go-sdk/captcha_background_sdk/image_utils.go:68.2,68.30 1 1
github.com/JSREI/force-fuck-captcha-background/go-sdk/captcha_background_sdk/image_utils.go:74.55,75.53 1 1
github.com/JSREI/force-fuck-captcha-background/go-sdk/captcha_background_sdk/image_utils.go:75.53,77.3 1 1
github.com/JSREI/force-fuck-captcha-background/go-sdk/captcha_background_sdk/image_utils.go:78.2,78.27 1 1
github.com/JSREI/force-fuck-captcha-background/go-sdk/captcha_background_sdk/image_utils.go:82.32,84.2 1 1
github.com/JSREI/force-fuck-captcha-background/go-sdk/captcha_background_sdk/image_utils.go:87.30,89.2 1 1
github.com/JSREI/force-fuck-captcha-background/go-sdk/captcha_background_sdk/image_utils.go:92.36,97.2 4 1
github.com/JSREI/force-fuck-captcha-background/go-sdk/captcha_background_sdk/image_utils.go:100.47,105.2 4 1
github.com/JSREI/force-fuck-captcha-background/go-sdk/captcha_background_sdk/image_utils.go:108.59,110.37 2 1
github.com/JSREI/force-fuck-captcha-background/go-sdk/captcha_background_sdk/image_utils.go:110.37,111.37 1 1
github.com/JSREI/force-fuck-captcha-background/go-sdk/captcha_background_sdk/image_utils.go:111.37,114.4 2 1
github.com/JSREI/force-fuck-captcha-background/go-sdk/captcha_background_sdk/image_utils.go:117.2,118.47 2 1
github.com/JSREI/force-fuck-captcha-background/go-sdk/captcha_background_sdk/image_utils.go:118.47,120.3 1 0
github.com/JSREI/force-fuck-captcha-background/go-sdk/captcha_background_sdk/image_utils.go:122.2,123.16 2 1
github.com/JSREI/force-fuck-captcha-background/go-sdk/captcha_background_sdk/image_utils.go:123.16,125.3 1 0
github.com/JSREI/force-fuck-captcha-background/go-sdk/captcha_background_sdk/image_utils.go:126.2,128.30 2 1
github.com/JSREI/force-fuck-captcha-background/go-sdk/captcha_background_sdk/image_utils.go:132.60,140.2 2 1
github.com/JSREI/force-fuck-captcha-background/go-sdk/captcha_background_sdk/image_utils.go:143.54,145.24 2 1
github.com/JSREI/force-fuck-captcha-background/go-sdk/captcha_background_sdk/image_utils.go:145.24,147.3 1 1
github.com/JSREI/force-fuck-captcha-background/go-sdk/captcha_background_sdk/image_utils.go:148.2,152.3 1 1
github.com/JSREI/force-fuck-captcha-background/go-sdk/captcha_background_sdk/image_utils.go:156.54,158.24 2 1
github.com/JSREI/force-fuck-captcha-background/go-sdk/captcha_background_sdk/image_utils.go:158.24,160.3 1 1
github.com/JSREI/force-fuck-captcha-background/go-sdk/captcha_background_sdk/image_utils.go:161.2,165.3 1 1
github.com/JSREI/force-fuck-captcha-background/go-sdk/captcha_background_sdk/image_utils.go:169.94,170.30 1 1
github.com/JSREI/force-fuck-captcha-background/go-sdk/captcha_background_sdk/image_utils.go:170.30,171.30 1 1
github.com/JSREI/force-fuck-captcha-background/go-sdk/captcha_background_sdk/image_utils.go:171.30,174.63 3 1
github.com/JSREI/force-fuck-captcha-background/go-sdk/captcha_background_sdk/image_utils.go:174.63,175.64 1 1
github.com/JSREI/force-fuck-captcha-background/go-sdk/captcha_background_sdk/image_utils.go:175.64,177.6 1 1
github.com/JSREI/force-fuck-captcha-background/go-sdk/captcha_background_sdk/image_utils.go:184.48,186.13 2 1
github.com/JSREI/force-fuck-captcha-background/go-sdk/captcha_background_sdk/image_utils.go:187.56,188.13 1 1
github.com/JSREI/force-fuck-captcha-background/go-sdk/captcha_background_sdk/image_utils.go:190.2,190.11 1 1
github.com/JSREI/force-fuck-captcha-background/go-sdk/captcha_background_sdk/image_utils.go:194.40,196.2 1 1
github.com/JSREI/force-fuck-captcha-background/go-sdk/captcha_background_sdk/local_restore.go:21.75,23.2 1 1
github.com/JSREI/force-fuck-captcha-background/go-sdk/captcha_background_sdk/local_restore.go:34.66,38.33 2 1
github.com/JSREI/force-fuck-captcha-background/go-sdk/captcha_background_sdk/local_restore.go:38.33,39.56 1 1
github.com/JSREI/force-fuck-captcha-background/go-sdk/captcha_background_sdk/local_restore.go:39.56,41.4 1 0
github.com/JSREI/force-fuck-captcha-background/go-sdk/captcha_background_sdk/local_restore.go:45.2,45.60 1 1
github.com/JSREI/force-fuck-captcha-background/go-sdk/captcha_background_sdk/local_restore.go:45.60,47.3 1 0
github.com/JSREI/force-fuck-captcha-background/go-sdk/captcha_background_sdk/local_restore.go:50.2,51.16 2 1
github.com/JSREI/force-fuck-captcha-background/go-sdk/captcha_background_sdk/local_restore.go:51.16,53.3 1 0
github.com/JSREI/force-fuck-captcha-background/go-sdk/captcha_background_sdk/local_restore.go:55.2,55.21 1 1
github.com/JSREI/force-fuck-captcha-background/go-sdk/captcha_background_sdk/local_restore.go:55.21,57.3 1 1
github.com/JSREI/force-fuck-captcha-background/go-sdk/captcha_background_sdk/local_restore.go:60.2,68.26 6 1
github.com/JSREI/force-fuck-captcha-background/go-sdk/captcha_background_sdk/local_restore.go:68.26,70.3 1 1
github.com/JSREI/force-fuck-captcha-background/go-sdk/captcha_background_sdk/local_restore.go:71.2,74.37 3 1
github.com/JSREI/force-fuck-captcha-background/go-sdk/captcha_background_sdk/local_restore.go:74.37,75.56 1 1
github.com/JSREI/force-fuck-captcha-background/go-sdk/captcha_background_sdk/local_restore.go:75.56,76.9 1 1
github.com/JSREI/force-fuck-captcha-background/go-sdk/captcha_background_sdk/local_restore.go:79.3,83.17 4 1
github.com/JSREI/force-fuck-captcha-background/go-sdk/captcha_background_sdk/local_restore.go:83.17,86.12 2 0
github.com/JSREI/force-fuck-captcha-background/go-sdk/captcha_background_sdk/local_restore.go:89.3,96.23 2 1
github.com/JSREI/force-fuck-captcha-background/go-sdk/captcha_background_sdk/local_restore.go:96.23,98.4 1 1
github.com/JSREI/force-fuck-captcha-background/go-sdk/captcha_background_sdk/local_restore.go:100.3,101.37 2 1
github.com/JSREI/force-fuck-captcha-background/go-sdk/captcha_background_sdk/local_restore.go:101.37,103.4 1 1
github.com/JSREI/force-fuck-captcha-background/go-sdk/captcha_background_sdk/local_restore.go:107.2,118.16 4 1
github.com/JSREI/force-fuck-captcha-background/go-sdk/captcha_background_sdk/local_restore.go:118.16,120.3 1 0
github.com/JSREI/force-fuck-captcha-background/go-sdk/captcha_background_sdk/local_restore.go:122.2,122.69 1 1
github.com/JSREI/force-fuck-captcha-background/go-sdk/captcha_background_sdk/local_restore.go:122.69,124.3 1 0
github.com/JSREI/force-fuck-captcha-background/go-sdk/captcha_background_sdk/local_restore.go:125.2,127.21 2 1
github.com/JSREI/force-fuck-captcha-background/go-sdk/captcha_background_sdk/local_restore.go:131.99,134.67 2 1
github.com/JSREI/force-fuck-captcha-background/go-sdk/captcha_background_sdk/local_restore.go:134.67,135.17 1 1
github.com/JSREI/force-fuck-captcha-background/go-sdk/captcha_background_sdk/local_restore.go:135.17,137.4 1 0
github.com/JSREI/force-fuck-captcha-background/go-sdk/captcha_background_sdk/local_restore.go:139.3,139.19 1 1
github.com/JSREI/force-fuck-captcha-background/go-sdk/captcha_background_sdk/local_restore.go:139.19,140.38 1 1
github.com/JSREI/force-fuck-captcha-background/go-sdk/captcha_background_sdk/local_restore.go:140.38,142.5 1 0
github.com/JSREI/force-fuck-captcha-background/go-sdk/captcha_background_sdk/local_restore.go:143.4,143.14 1 1
github.com/JSREI/force-fuck-captcha-background/go-sdk/captcha_background_sdk/local_restore.go:146.3,146.24 1 1
github.com/JSREI/force-fuck-captcha-background/go-sdk/captcha_background_sdk/local_restore.go:146.24,148.18 2 1
github.com/JSREI/force-fuck-captcha-background/go-sdk/captcha_background_sdk/local_restore.go:148.18,150.5 1 0
github.com/JSREI/force-fuck-captcha-background/go-sdk/captcha_background_sdk/local_restore.go:151.4,151.34 1 1
github.com/JSREI/force-fuck-captcha-background/go-sdk/captcha_background_sdk/local_restore.go:154.3,154.13 1 1
github.com/JSREI/force-fuck-captcha-background/go-sdk/captcha_background_sdk/local_restore.go:157.2,157.58 1 1
github.com/JSREI/force-fuck-captcha-background/go-sdk/captcha_background_sdk/local_restore.go:157.58,159.3 1 0
github.com/JSREI/force-fuck-captcha-background/go-sdk/captcha_background_sdk/local_restore.go:161.2,161.19 1 1
github.com/JSREI/force-fuck-captcha-background/go-sdk/captcha_background_sdk/local_restore.go:165.107,168.29 2 1
github.com/JSREI/force-fuck-captcha-background/go-sdk/captcha_background_sdk/local_restore.go:168.29,169.56 1 1
github.com/JSREI/force-fuck-captcha-background/go-sdk/captcha_background_sdk/local_restore.go:169.56,170.9 1 0
github.com/JSREI/force-fuck-captcha-background/go-sdk/captcha_background_sdk/local_restore.go:173.3,174.17 2 1
github.com/JSREI/force-fuck-captcha-background/go-sdk/captcha_background_sdk/local_restore.go:174.17,176.12 1 0
github.com/JSREI/force-fuck-captcha-background/go-sdk/captcha_background_sdk/local_restore.go:179.3,179.52 1 1
github.com/JSREI/force-fuck-captcha-background/go-sdk/captcha_background_sdk/local_restore.go:182.2,182.16 1 1
github.com/JSREI/force-fuck-captcha-background/go-sdk/captcha_background_sdk/local_restore.go:186.120,187.21 1 1
github.com/JSREI/force-fuck-captcha-background/go-sdk/captcha_background_sdk/local_restore.go:187.21,189.3 1 0
github.com/JSREI/force-fuck-captcha-background/go-sdk/captcha_background_sdk/local_restore.go:192.2,193.29 2 1
github.com/JSREI/force-fuck-captcha-background/go-sdk/captcha_background_sdk/local_restore.go:193.29,195.17 2 1
github.com/JSREI/force-fuck-captcha-background/go-sdk/captcha_background_sdk/local_restore.go:195.17,196.12 1 0
github.com/JSREI/force-fuck-captcha-background/go-sdk/captcha_background_sdk/local_restore.go:198.3,198.34 1 1
github.com/JSREI/force-fuck-captcha-background/go-sdk/captcha_background_sdk/local_restore.go:201.2,201.22 1 1
github.com/JSREI/force-fuck-captcha-background/go-sdk/captcha_background_sdk/local_restore.go:201.22,203.3 1 0
github.com/JSREI/force-fuck-captcha-background/go-sdk/captcha_background_sdk/local_restore.go:206.2,216.60 6 1
github.com/JSREI/force-fuck-captcha-background/go-sdk/captcha_background_sdk/local_restore.go:216.60,218.3 1 0
github.com/JSREI/force-fuck-captcha-background/go-sdk/captcha_background_sdk/local_restore.go:220.2,220.24 1 1
github.com/JSREI/force-fuck-captcha-background/go-sdk/captcha_background_sdk/local_restore.go:224.97,227.30 2 1
github.com/JSREI/force-fuck-captcha-background/go-sdk/captcha_background_sdk/local_restore.go:227.30,228.30 1 1
github.com/JSREI/force-fuck-captcha-background/go-sdk/captcha_background_sdk/local_restore.go:228.30,232.31 3 1
github.com/JSREI/force-fuck-captcha-background/go-sdk/captcha_background_sdk/local_restore.go:232.31,233.40 1 1
github.com/JSREI/force-fuck-captcha-background/go-sdk/captcha_background_sdk/local_restore.go:233.40,237.6 3 1
github.com/JSREI/force-fuck-captcha-background/go-sdk/captcha_background_sdk/local_restore.go:241.4,243.42 3 1
github.com/JSREI/force-fuck-captcha-background/go-sdk/captcha_background_sdk/local_restore.go:243.42,244.25 1 1
github.com/JSREI/force-fuck-captcha-background/go-sdk/captcha_background_sdk/local_restore.go:244.25,247.6 2 1
github.com/JSREI/force-fuck-captcha-background/go-sdk/captcha_background_sdk/local_restore.go:250.4,255.6 1 1
github.com/JSREI/force-fuck-captcha-background/go-sdk/captcha_background_sdk/local_restore.go:259.2,259.17 1 1
github.com/JSREI/force-fuck-captcha-background/go-sdk/captcha_background_sdk/local_restore.go:263.40,266.22 2 1
github.com/JSREI/force-fuck-captcha-background/go-sdk/captcha_background_sdk/local_restore.go:266.22,267.12 1 1
github.com/JSREI/force-fuck-captcha-background/go-sdk/captcha_background_sdk/local_restore.go:268.53,269.17 1 1
github.com/JSREI/force-fuck-captcha-background/go-sdk/captcha_background_sdk/local_restore.go:270.11,271.23 1 1
github.com/JSREI/force-fuck-captcha-background/go-sdk/captcha_background_sdk/local_restore.go:274.2,274.15 1 1
github.com/JSREI/force-fuck-captcha-background/go-sdk/captcha_background_sdk/local_restore.go:278.79,281.2 2 1
github.com/JSREI/force-fuck-captcha-background/go-sdk/captcha_background_sdk/locator.go:44.23,45.44 1 1
github.com/JSREI/force-fuck-captcha-background/go-sdk/captcha_background_sdk/locator.go:45.44,47.3 1 1
github.com/JSREI/force-fuck-captcha-background/go-sdk/captcha_background_sdk/locator.go:49.2,64.3 1 1
github.com/JSREI/force-fuck-captcha-background/go-sdk/captcha_background_sdk/locator.go:68.82,70.26 2 1
github.com/JSREI/force-fuck-captcha-background/go-sdk/captcha_background_sdk/locator.go:70.26,72.3 1 1
github.com/JSREI/force-fuck-captcha-background/go-sdk/captcha_background_sdk/locator.go:76.73,78.2 1 1
github.com/JSREI/force-fuck-captcha-background/go-sdk/captcha_background_sdk/locator.go:85.38,87.16 2 1
github.com/JSREI/force-fuck-captcha-background/go-sdk/captcha_background_sdk/locator.go:87.16,89.3 1 0
github.com/JSREI/force-fuck-captcha-background/go-sdk/captcha_background_sdk/locator.go:90.2,91.19 2 1
github.com/JSREI/force-fuck-captcha-background/go-sdk/captcha_background_sdk/locator.go:95.111,96.29 1 1
github.com/JSREI/force-fuck-captcha-background/go-sdk/captcha_background_sdk/locator.go:96.29,98.3 1 1
github.com/JSREI/force-fuck-captcha-background/go-sdk/captcha_background_sdk/locator.go:100.2,101.16 2 1
github.com/JSREI/force-fuck-captcha-background/go-sdk/captcha_background_sdk/locator.go:101.16,103.3 1 0
github.com/JSREI/force-fuck-captcha-background/go-sdk/captcha_background_sdk/locator.go:105.2,107.9 3 1
github.com/JSREI/force-fuck-captcha-background/go-sdk/captcha_background_sdk/locator.go:107.9,109.3 1 1
github.com/JSREI/force-fuck-captcha-background/go-sdk/captcha_background_sdk/locator.go:111.2,111.82 1 1
github.com/JSREI/force-fuck-captcha-background/go-sdk/captcha_background_sdk/locator.go:111.82,114.3 1 0
github.com/JSREI/force-fuck-captcha-background/go-sdk/captcha_background_sdk/locator.go:116.2,116.44 1 1
github.com/JSREI/force-fuck-captcha-background/go-sdk/captcha_background_sdk/locator.go:123.26,125.16 2 1
github.com/JSREI/force-fuck-captcha-background/go-sdk/captcha_background_sdk/locator.go:125.16,127.3 1 1
github.com/JSREI/force-fuck-captcha-background/go-sdk/captcha_background_sdk/locator.go:130.2,131.16 2 1
github.com/JSREI/force-fuck-captcha-background/go-sdk/captcha_background_sdk/locator.go:131.16,133.3 1 0
github.com/JSREI/force-fuck-captcha-background/go-sdk/captcha_background_sdk/locator.go:136.2,152.31 4 1
github.com/JSREI/force-fuck-captcha-background/go-sdk/captcha_background_sdk/locator.go:152.31,159.3 1 1
github.com/JSREI/force-fuck-captcha-background/go-sdk/captcha_background_sdk/locator.go:161.2,172.8 1 1
github.com/JSREI/force-fuck-captcha-background/go-sdk/captcha_background_sdk/locator.go:176.109,178.2 1 1
github.com/JSREI/force-fuck-captcha-background/go-sdk/captcha_background_sdk/locator.go:184.37,186.16 2 1
github.com/JSREI/force-fuck-captcha-background/go-sdk/captcha_background_sdk/locator.go:186.16,188.3 1 1
github.com/JSREI/force-fuck-captcha-background/go-sdk/captcha_background_sdk/locator.go:190.2,191.44 2 1
github.com/JSREI/force-fuck-captcha-background/go-sdk/captcha_background_sdk/locator.go:191.44,194.48 3 1
github.com/JSREI/force-fuck-captcha-background/go-sdk/captcha_background_sdk/locator.go:194.48,196.4 1 0
github.com/JSREI/force-fuck-captcha-background/go-sdk/captcha_background_sdk/locator.go:199.3,200.17 2 1
github.com/JSREI/force-fuck-captcha-background/go-sdk/captcha_background_sdk/locator.go:200.17,202.4 1 0
github.com/JSREI/force-fuck-captcha-background/go-sdk/captcha_background_sdk/locator.go:203.3,203.58 1 1
github.com/JSREI/force-fuck-captcha-background/go-sdk/captcha_background_sdk/locator.go:203.58,205.4 1 0
github.com/JSREI/force-fuck-captcha-background/go-sdk/captcha_background_sdk/locator.go:206.3,206.29 1 1
github.com/JSREI/force-fuck-captcha-background/go-sdk/captcha_background_sdk/locator.go:209.2,214.8 1 1
github.com/JSREI/force-fuck-captcha-background/go-sdk/captcha_background_sdk/locator.go:221.37,223.2 1 1
github.com/JSREI/force-fuck-captcha-background/go-sdk/captcha_background_sdk/locator.go:229.30,231.16 2 1
github.com/JSREI/force-fuck-captcha-background/go-sdk/captcha_background_sdk/locator.go:231.16,233.3 1 0
github.com/JSREI/force-fuck-captcha-background/go-sdk/captcha_background_sdk/locator.go:236.2,237.16 2 1
github.com/JSREI/force-fuck-captcha-background/go-sdk/captcha_background_sdk/locator.go:237.16,239.3 1 0
github.com/JSREI/force-fuck-captcha-background/go-sdk/captcha_background_sdk/locator.go:242.2,261.28 5 1
github.com/JSREI/force-fuck-captcha-background/go-sdk/captcha_background_sdk/locator.go:261.28,263.3 1 0
github.com/JSREI/force-fuck-captcha-background/go-sdk/captcha_background_sdk/locator.go:265.2,277.8 1 1
github.com/JSREI/force-fuck-captcha-background/go-sdk/captcha_background_sdk/sdk.go:86.63,101.2 1 1
github.com/JSREI/force-fuck-captcha-background/go-sdk/captcha_background_sdk/sdk.go:104.80,105.20 1 1
github.com/JSREI/force-fuck-captcha-background/go-sdk/captcha_background_sdk/sdk.go:105.20,107.3 1 1
github.com/JSREI/force-fuck-captcha-background/go-sdk/captcha_background_sdk/sdk.go:110.2,110.32 1 1
github.com/JSREI/force-fuck-captcha-background/go-sdk/captcha_background_sdk/sdk.go:110.32,112.3 1 1
github.com/JSREI/force-fuck-captcha-background/go-sdk/captcha_background_sdk/sdk.go:113.2,113.41 1 1
github.com/JSREI/force-fuck-captcha-background/go-sdk/captcha_background_sdk/sdk.go:113.41,115.3 1 1
github.com/JSREI/force-fuck-captcha-background/go-sdk/captcha_background_sdk/sdk.go:116.2,116.37 1 1
github.com/JSREI/force-fuck-captcha-background/go-sdk/captcha_background_sdk/sdk.go:116.37,118.3 1 1
github.com/JSREI/force-fuck-captcha-background/go-sdk/captcha_background_sdk/sdk.go:119.2,119.31 1 1
github.com/JSREI/force-fuck-captcha-background/go-sdk/captcha_background_sdk/sdk.go:119.31,121.3 1 1
github.com/JSREI/force-fuck-captcha-background/go-sdk/captcha_background_sdk/sdk.go:122.2,122.31 1 1
github.com/JSREI/force-fuck-captcha-background/go-sdk/captcha_background_sdk/sdk.go:122.31,124.3 1 1
github.com/JSREI/force-fuck-captcha-background/go-sdk/captcha_background_sdk/sdk.go:125.2,125.32 1 1
github.com/JSREI/force-fuck-captcha-background/go-sdk/captcha_background_sdk/sdk.go:125.32,127.3 1 1
github.com/JSREI/force-fuck-captcha-background/go-sdk/captcha_background_sdk/sdk.go:128.2,128.35 1 1
github.com/JSREI/force-fuck-captcha-background/go-sdk/captcha_background_sdk/sdk.go:128.35,130.3 1 1
github.com/JSREI/force-fuck-captcha-background/go-sdk/captcha_background_sdk/sdk.go:131.2,131.35 1 1
github.com/JSREI/force-fuck-captcha-background/go-sdk/captcha_background_sdk/sdk.go:131.35,133.3 1 1
github.com/JSREI/force-fuck-captcha-background/go-sdk/captcha_background_sdk/sdk.go:134.2,134.31 1 1
github.com/JSREI/force-fuck-captcha-background/go-sdk/captcha_background_sdk/sdk.go:134.31,136.3 1 1
github.com/JSREI/force-fuck-captcha-background/go-sdk/captcha_background_sdk/sdk.go:137.2,137.46 1 1
github.com/JSREI/force-fuck-captcha-background/go-sdk/captcha_background_sdk/sdk.go:137.46,139.3 1 1
github.com/JSREI/force-fuck-captcha-background/go-sdk/captcha_background_sdk/sdk.go:140.2,140.39 1 1
github.com/JSREI/force-fuck-captcha-background/go-sdk/captcha_background_sdk/sdk.go:140.39,142.3 1 1
github.com/JSREI/force-fuck-captcha-background/go-sdk/captcha_background_sdk/sdk.go:143.2,143.44 1 1
github.com/JSREI/force-fuck-captcha-background/go-sdk/captcha_background_sdk/sdk.go:143.44,145.3 1 1
github.com/JSREI/force-fuck-captcha-background/go-sdk/captcha_background_sdk/sdk.go:147.2,174.3 3 1
github.com/JSREI/force-fuck-captcha-background/go-sdk/captcha_background_sdk/sdk.go:178.72,180.2 1 1
github.com/JSREI/force-fuck-captcha-background/go-sdk/captcha_background_sdk/sdk.go:187.38,189.16 2 1
github.com/JSREI/force-fuck-captcha-background/go-sdk/captcha_background_sdk/sdk.go:189.16,191.3 1 0
github.com/JSREI/force-fuck-captcha-background/go-sdk/captcha_background_sdk/sdk.go:192.2,193.19 2 1
github.com/JSREI/force-fuck-captcha-background/go-sdk/captcha_background_sdk/sdk.go:197.106,199.2 1 1
github.com/JSREI/force-fuck-captcha-background/go-sdk/captcha_background_sdk/sdk.go:202.110,204.2 1 0
github.com/JSREI/force-fuck-captcha-background/go-sdk/captcha_background_sdk/sdk.go:207.94,209.2 1 1
github.com/JSREI/force-fuck-captcha-background/go-sdk/captcha_background_sdk/sdk.go:215.37,217.2 1 1
github.com/JSREI/force-fuck-captcha-background/go-sdk/captcha_background_sdk/sdk.go:229.60,234.28 3 1
github.com/JSREI/force-fuck-captcha-background/go-sdk/captcha_background_sdk/sdk.go:234.28,236.3 1 1
github.com/JSREI/force-fuck-captcha-background/go-sdk/captcha_background_sdk/sdk.go:237.2,237.29 1 1
github.com/JSREI/force-fuck-captcha-background/go-sdk/captcha_background_sdk/sdk.go:237.29,239.3 1 1
github.com/JSREI/force-fuck-captcha-background/go-sdk/captcha_background_sdk/sdk.go:240.2,242.25 2 1
github.com/JSREI/force-fuck-captcha-background/go-sdk/captcha_background_sdk/sdk.go:242.25,244.3 1 1
github.com/JSREI/force-fuck-captcha-background/go-sdk/captcha_background_sdk/sdk.go:245.2,245.50 1 1
github.com/JSREI/force-fuck-captcha-background/go-sdk/captcha_background_sdk/sdk.go:245.50,247.3 1 1
github.com/JSREI/force-fuck-captcha-background/go-sdk/captcha_background_sdk/sdk.go:248.2,251.25 2 1
github.com/JSREI/force-fuck-captcha-background/go-sdk/captcha_background_sdk/sdk.go:251.25,252.29 1 1
github.com/JSREI/force-fuck-captcha-background/go-sdk/captcha_background_sdk/sdk.go:252.29,254.4 1 1
github.com/JSREI/force-fuck-captcha-background/go-sdk/captcha_background_sdk/sdk.go:254.9,256.4 1 0
github.com/JSREI/force-fuck-captcha-background/go-sdk/captcha_background_sdk/sdk.go:258.2,260.47 2 1
github.com/JSREI/force-fuck-captcha-background/go-sdk/captcha_background_sdk/sdk.go:260.47,263.18 3 1
github.com/JSREI/force-fuck-captcha-background/go-sdk/captcha_background_sdk/sdk.go:263.18,265.4 1 0
github.com/JSREI/force-fuck-captcha-background/go-sdk/captcha_background_sdk/sdk.go:269.2,269.76 1 1
github.com/JSREI/force-fuck-captcha-background/go-sdk/captcha_background_sdk/sdk.go:269.76,271.3 1 1
github.com/JSREI/force-fuck-captcha-background/go-sdk/captcha_background_sdk/sdk.go:272.2,272.78 1 1
github.com/JSREI/force-fuck-captcha-background/go-sdk/captcha_background_sdk/sdk.go:272.78,274.3 1 0
github.com/JSREI/force-fuck-captcha-background/go-sdk/captcha_background_sdk/sdk.go:275.2,275.50 1 1
github.com/JSREI/force-fuck-captcha-background/go-sdk/captcha_background_sdk/sdk.go:275.50,277.27 2 0
github.com/JSREI/force-fuck-captcha-background/go-sdk/captcha_background_sdk/sdk.go:277.27,279.4 1 0
github.com/JSREI/force-fuck-captcha-background/go-sdk/captcha_background_sdk/sdk.go:283.2,286.48 3 1
github.com/JSREI/force-fuck-captcha-background/go-sdk/captcha_background_sdk/sdk.go:286.48,290.3 2 1
github.com/JSREI/force-fuck-captcha-background/go-sdk/captcha_background_sdk/sdk.go:290.8,290.57 1 1
github.com/JSREI/force-fuck-captcha-background/go-sdk/captcha_background_sdk/sdk.go:290.57,294.3 2 1
github.com/JSREI/force-fuck-captcha-background/go-sdk/captcha_background_sdk/sdk.go:297.2,300.41 3 1
github.com/JSREI/force-fuck-captcha-background/go-sdk/captcha_background_sdk/sdk.go:308.31,310.50 1 0
github.com/JSREI/force-fuck-captcha-background/go-sdk/captcha_background_sdk/sdk.go:310.50,312.17 2 0
github.com/JSREI/force-fuck-captcha-background/go-sdk/captcha_background_sdk/sdk.go:312.17,314.4 1 0
github.com/JSREI/force-fuck-captcha-background/go-sdk/captcha_background_sdk/sdk.go:318.2,319.16 2 0
github.com/JSREI/force-fuck-captcha-background/go-sdk/captcha_background_sdk/sdk.go:319.16,321.3 1 0
github.com/JSREI/force-fuck-captcha-background/go-sdk/captcha_background_sdk/sdk.go:323.2,324.16 2 0
github.com/JSREI/force-fuck-captcha-background/go-sdk/captcha_background_sdk/sdk.go:324.16,326.3 1 0
github.com/JSREI/force-fuck-captcha-background/go-sdk/captcha_background_sdk/sdk.go:328.2,329.16 2 0
github.com/JSREI/force-fuck-captcha-background/go-sdk/captcha_background_sdk/sdk.go:329.16,331.3 1 0
github.com/JSREI/force-fuck-captcha-background/go-sdk/captcha_background_sdk/sdk.go:334.2,338.42 5 0
github.com/JSREI/force-fuck-captcha-background/go-sdk/captcha_background_sdk/sdk.go:338.42,340.3 1 0
github.com/JSREI/force-fuck-captcha-background/go-sdk/captcha_background_sdk/sdk.go:341.2,345.29 5 0
github.com/JSREI/force-fuck-captcha-background/go-sdk/captcha_background_sdk/sdk.go:345.29,349.3 3 0
github.com/JSREI/force-fuck-captcha-background/go-sdk/captcha_background_sdk/sdk.go:352.2,367.28 4 0
github.com/JSREI/force-fuck-captcha-background/go-sdk/captcha_background_sdk/sdk.go:367.28,370.3 2 0
github.com/JSREI/force-fuck-captcha-background/go-sdk/captcha_background_sdk/sdk.go:370.8,370.37 1 0
github.com/JSREI/force-fuck-captcha-background/go-sdk/captcha_background_sdk/sdk.go:370.37,372.3 1 0
github.com/JSREI/force-fuck-captcha-background/go-sdk/captcha_background_sdk/sdk.go:374.2,392.8 1 0
github.com/JSREI/force-fuck-captcha-background/go-sdk/captcha_background_sdk/sdk.go:396.33,397.11 1 1
github.com/JSREI/force-fuck-captcha-background/go-sdk/captcha_background_sdk/sdk.go:397.11,399.3 1 1
github.com/JSREI/force-fuck-captcha-background/go-sdk/captcha_background_sdk/sdk.go:400.2,400.11 1 1
github.com/JSREI/force-fuck-captcha-background/go-sdk/captcha_background_sdk/sdk.go:400.11,402.3 1 1
github.com/JSREI/force-fuck-captcha-background/go-sdk/captcha_background_sdk/sdk.go:403.2,403.10 1 1
github.com/JSREI/force-fuck-captcha-background/go-sdk/captcha_background_sdk/sdk.go:406.29,407.11 1 1
github.com/JSREI/force-fuck-captcha-background/go-sdk/captcha_background_sdk/sdk.go:407.11,409.3 1 1
github.com/JSREI/force-fuck-captcha-background/go-sdk/captcha_background_sdk/sdk.go:410.2,410.10 1 1
github.com/JSREI/force-fuck-captcha-background/go-sdk/captcha_background_sdk/sdk.go:414.58,416.47 2 0
github.com/JSREI/force-fuck-captcha-background/go-sdk/captcha_background_sdk/sdk.go:416.47,418.3 1 0
github.com/JSREI/force-fuck-captcha-background/go-sdk/captcha_background_sdk/sdk.go:420.2,421.16 2 0
github.com/JSREI/force-fuck-captcha-background/go-sdk/captcha_background_sdk/sdk.go:421.16,423.3 1 0
github.com/JSREI/force-fuck-captcha-background/go-sdk/captcha_background_sdk/sdk.go:425.2,425.65 1 0
github.com/JSREI/force-fuck-captcha-background/go-sdk/captcha_background_sdk/sdk.go:425.65,427.3 1 0
github.com/JSREI/force-fuck-captcha-background/go-sdk/captcha_background_sdk/sdk.go:429.2,429.12 1 0
github.com/JSREI/force-fuck-captcha-background/go-sdk/captcha_background_sdk/slider_locator.go:29.25,30.44 1 1
github.com/JSREI/force-fuck-captcha-background/go-sdk/captcha_background_sdk/slider_locator.go:30.44,32.3 1 0
github.com/JSREI/force-fuck-captcha-background/go-sdk/captcha_background_sdk/slider_locator.go:33.2,38.3 1 1
github.com/JSREI/force-fuck-captcha-background/go-sdk/captcha_background_sdk/slider_locator.go:42.84,44.26 2 1
github.com/JSREI/force-fuck-captcha-background/go-sdk/captcha_background_sdk/slider_locator.go:44.26,46.3 1 1
github.com/JSREI/force-fuck-captcha-background/go-sdk/captcha_background_sdk/slider_locator.go:50.75,52.2 1 1
github.com/JSREI/force-fuck-captcha-background/go-sdk/captcha_background_sdk/slider_locator.go:59.38,61.16 2 1
github.com/JSREI/force-fuck-captcha-background/go-sdk/captcha_background_sdk/slider_locator.go:61.16,63.3 1 0
github.com/JSREI/force-fuck-captcha-background/go-sdk/captcha_background_sdk/slider_locator.go:64.2,65.19 2 1
github.com/JSREI/force-fuck-captcha-background/go-sdk/captcha_background_sdk/slider_locator.go:69.91,71.2 1 1
github.com/JSREI/force-fuck-captcha-background/go-sdk/captcha_background_sdk/slider_locator.go:77.32,80.16 2 1
github.com/JSREI/force-fuck-captcha-background/go-sdk/captcha_background_sdk/slider_locator.go:80.16,82.3 1 1
github.com/JSREI/force-fuck-captcha-background/go-sdk/captcha_background_sdk/slider_locator.go:84.2,86.9 3 1
github.com/JSREI/force-fuck-captcha-background/go-sdk/captcha_background_sdk/slider_locator.go:86.9,88.3 1 1
github.com/JSREI/force-fuck-captcha-background/go-sdk/captcha_background_sdk/slider_locator.go:91.2,92.16 2 1
github.com/JSREI/force-fuck-captcha-background/go-sdk/captcha_background_sdk/slider_locator.go:92.16,94.3 1 0
github.com/JSREI/force-fuck-captcha-background/go-sdk/captcha_background_sdk/slider_locator.go:96.2,96.86 1 1
github.com/JSREI/force-fuck-captcha-background/go-sdk/captcha_background_sdk/slider_locator.go:96.86,99.3 1 0
github.com/JSREI/force-fuck-captcha-background/go-sdk/captcha_background_sdk/slider_locator.go:102.2,118.25 4 1
github.com/JSREI/force-fuck-captcha-background/go-sdk/captcha_background_sdk/slider_locator.go:118.25,120.32 2 1
github.com/JSREI/force-fuck-captcha-background/go-sdk/captcha_background_sdk/slider_locator.go:120.32,121.41 1 1
github.com/JSREI/force-fuck-captcha-background/go-sdk/captcha_background_sdk/slider_locator.go:121.41,123.5 1 0
github.com/JSREI/force-fuck-captcha-background/go-sdk/captcha_background_sdk/slider_locator.go:126.3,133.4 3 1
github.com/JSREI/force-fuck-captcha-background/go-sdk/captcha_background_sdk/slider_locator.go:137.2,138.31 2 1
github.com/JSREI/force-fuck-captcha-background/go-sdk/captcha_background_sdk/slider_locator.go:138.31,139.37 1 1
github.com/JSREI/force-fuck-captcha-background/go-sdk/captcha_background_sdk/slider_locator.go:139.37,141.4 1 1
github.com/JSREI/force-fuck-captcha-background/go-sdk/captcha_background_sdk/slider_locator.go:144.2,156.8 1 1
github.com/JSREI/force-fuck-captcha-background/go-sdk/captcha_background_sdk/slider_locator.go:160.95,162.2 1 1
github.com/JSREI/force-fuck-captcha-background/go-sdk/captcha_background_sdk/text_layer_renderer.go:18.29,26.25 5 1
github.com/JSREI/force-fuck-captcha-background/go-sdk/captcha_background_sdk/text_layer_renderer.go:26.25,27.26 1 1
github.com/JSREI/force-fuck-captcha-background/go-sdk/captcha_background_sdk/text_layer_renderer.go:27.26,29.21 2 1
github.com/JSREI/force-fuck-captcha-background/go-sdk/captcha_background_sdk/text_layer_renderer.go:29.21,31.17 2 1
github.com/JSREI/force-fuck-captcha-background/go-sdk/captcha_background_sdk/text_layer_renderer.go:31.17,33.6 1 1
github.com/JSREI/force-fuck-captcha-background/go-sdk/captcha_background_sdk/text_layer_renderer.go:34.5,34.17 1 1
github.com/JSREI/force-fuck-captcha-background/go-sdk/captcha_background_sdk/text_layer_renderer.go:34.17,36.6 1 1
github.com/JSREI/force-fuck-captcha-background/go-sdk/captcha_background_sdk/text_layer_renderer.go:37.5,37.17 1 1
github.com/JSREI/force-fuck-captcha-background/go-sdk/captcha_background_sdk/text_layer_renderer.go:37.17,39.6 1 1
github.com/JSREI/force-fuck-captcha-background/go-sdk/captcha_background_sdk/text_layer_renderer.go:40.5,40.17 1 1
github.com/JSREI/force-fuck-captcha-background/go-sdk/captcha_background_sdk/text_layer_renderer.go:40.17,42.6 1 1
github.com/JSREI/force-fuck-captcha-background/go-sdk/captcha_background_sdk/text_layer_renderer.go:47.2,47.25 1 1
github.com/JSREI/force-fuck-captcha-background/go-sdk/captcha_background_sdk/text_layer_renderer.go:47.25,49.3 1 1
github.com/JSREI/force-fuck-captcha-background/go-sdk/captcha_background_sdk/text_layer_renderer.go:52.2,55.19 3 1
github.com/JSREI/force-fuck-captcha-background/go-sdk/captcha_background_sdk/text_layer_renderer.go:55.19,60.3 4 1
github.com/JSREI/force-fuck-captcha-background/go-sdk/captcha_background_sdk/text_layer_renderer.go:60.8,65.3 4 1
github.com/JSREI/force-fuck-captcha-background/go-sdk/captcha_background_sdk/text_layer_renderer.go:68.2,71.28 2 1
github.com/JSREI/force-fuck-captcha-background/go-sdk/captcha_background_sdk/text_layer_renderer.go:71.28,72.29 1 1
github.com/JSREI/force-fuck-captcha-background/go-sdk/captcha_background_sdk/text_layer_renderer.go:72.29,77.54 4 1
github.com/JSREI/force-fuck-captcha-background/go-sdk/captcha_background_sdk/text_layer_renderer.go:77.54,78.25 1 1
github.com/JSREI/force-fuck-captcha-background/go-sdk/captcha_background_sdk/text_layer_renderer.go:78.25,81.6 2 1
github.com/JSREI/force-fuck-captcha-background/go-sdk/captcha_background_sdk/text_layer_renderer.go:87.2,87.68 1 1
github.com/JSREI/force-fuck-captcha-background/go-sdk/captcha_background_sdk/text_layer_renderer.go:87.68,89.3 1 0
github.com/JSREI/force-fuck-captcha-background/go-sdk/captcha_background_sdk/text_layer_renderer.go:91.2,92.16 2 1
github.com/JSREI/force-fuck-captcha-background/go-sdk/captcha_background_sdk/text_layer_renderer.go:92.16,94.3 1 0
github.com/JSREI/force-fuck-captcha-background/go-sdk/captcha_background_sdk/text_layer_renderer.go:95.2,97.49 2 1
github.com/JSREI/force-fuck-captcha-background/go-sdk/captcha_background_sdk/text_layer_renderer.go:97.49,99.3 1 0
github.com/JSREI/force-fuck-captcha-background/go-sdk/captcha_background_sdk/text_layer_renderer.go:101.2,102.24 2 1
github.com/JSREI/force-fuck-captcha-background/go-sdk/captcha_background_sdk/text_layer_renderer.go:102.24,104.3 1 1
github.com/JSREI/force-fuck-captcha-background/go-sdk/captcha_background_sdk/text_layer_renderer.go:106.2,114.8 1 1
github.com/JSREI/force-fuck-captcha-background/go-sdk/captcha_background_sdk/text_layer_renderer.go:122.15,127.20 4 1
github.com/JSREI/force-fuck-captcha-background/go-sdk/captcha_background_sdk/text_layer_renderer.go:128.43,131.26 2 1
github.com/JSREI/force-fuck-captcha-background/go-sdk/captcha_background_sdk/text_layer_renderer.go:131.26,132.27 1 1
github.com/JSREI/force-fuck-captcha-background/go-sdk/captcha_background_sdk/text_layer_renderer.go:132.27,136.16 4 1
github.com/JSREI/force-fuck-captcha-background/go-sdk/captcha_background_sdk/text_layer_renderer.go:136.16,138.6 1 1
github.com/JSREI/force-fuck-captcha-background/go-sdk/captcha_background_sdk/text_layer_renderer.go:141.37,144.26 3 1
github.com/JSREI/force-fuck-captcha-background/go-sdk/captcha_background_sdk/text_layer_renderer.go:144.26,145.27 1 1
github.com/JSREI/force-fuck-captcha-background/go-sdk/captcha_background_sdk/text_layer_renderer.go:145.27,149.16 4 1
github.com/JSREI/force-fuck-captcha-background/go-sdk/captcha_background_sdk/text_layer_renderer.go:149.16,151.6 1 1
github.com/JSREI/force-fuck-captcha-background/go-sdk/captcha_background_sdk/text_layer_renderer.go:154.37,157.26 3 1
github.com/JSREI/force-fuck-captcha-background/go-sdk/captcha_background_sdk/text_layer_renderer.go:157.26,158.27 1 1
github.com/JSREI/force-fuck-captcha-background/go-sdk/captcha_background_sdk/text_layer_renderer.go:158.27,162.16 4 1
github.com/JSREI/force-fuck-captcha-background/go-sdk/captcha_background_sdk/text_layer_renderer.go:162.16,164.6 1 1
github.com/JSREI/force-fuck-captcha-background/go-sdk/captcha_background_sdk/text_layer_renderer.go:167.10,169.26 2 1
github.com/JSREI/force-fuck-captcha-background/go-sdk/captcha_background_sdk/text_layer_renderer.go:169.26,170.27 1 1
github.com/JSREI/force-fuck-captcha-background/go-sdk/captcha_background_sdk/text_layer_renderer.go:170.27,175.5 4 1
github.com/JSREI/force-fuck-captcha-background/go-sdk/captcha_background_sdk/text_layer_renderer.go:179.2,179.12 1 1
github.com/JSREI/force-fuck-captcha-background/go-sdk/captcha_background_sdk/text_layer_renderer.go:183.63,184.68 1 1
github.com/JSREI/force-fuck-captcha-background/go-sdk/captcha_background_sdk/text_layer_renderer.go:184.68,186.3 1 0
github.com/JSREI/force-fuck-captcha-background/go-sdk/captcha_background_sdk/text_layer_renderer.go:188.2,189.16 2 1
github.com/JSREI/force-fuck-captcha-background/go-sdk/captcha_background_sdk/text_layer_renderer.go:189.16,191.3 1 0
github.com/JSREI/force-fuck-captcha-background/go-sdk/captcha_background_sdk/text_layer_renderer.go:192.2,194.30 2 1
github.com/JSREI/force-fuck-captcha-background/go-sdk/captcha_background_sdk/text_region_builder.go:23.61,34.2 1 1
github.com/JSREI/force-fuck-captcha-background/go-sdk/captcha_background_sdk/text_region_builder.go:36.25,38.2 1 1
github.com/JSREI/force-fuck-captcha-background/go-sdk/captcha_background_sdk/text_region_builder.go:45.16,46.26 1 1
github.com/JSREI/force-fuck-captcha-background/go-sdk/captcha_background_sdk/text_region_builder.go:46.26,48.3 1 1
github.com/JSREI/force-fuck-captcha-background/go-sdk/captcha_background_sdk/text_region_builder.go:51.2,52.31 2 1
github.com/JSREI/force-fuck-captcha-background/go-sdk/captcha_background_sdk/text_region_builder.go:52.31,59.73 5 1
github.com/JSREI/force-fuck-captcha-background/go-sdk/captcha_background_sdk/text_region_builder.go:59.73,61.4 1 1
github.com/JSREI/force-fuck-captcha-background/go-sdk/captcha_background_sdk/text_region_builder.go:64.2,64.24 1 1
github.com/JSREI/force-fuck-captcha-background/go-sdk/captcha_background_sdk/text_region_builder.go:64.24,66.3 1 1
github.com/JSREI/force-fuck-captcha-background/go-sdk/captcha_background_sdk/text_region_builder.go:69.2,72.25 2 1
github.com/JSREI/force-fuck-captcha-background/go-sdk/captcha_background_sdk/text_region_builder.go:72.25,74.3 1 1
github.com/JSREI/force-fuck-captcha-background/go-sdk/captcha_background_sdk/text_region_builder.go:77.2,77.42 1 1
github.com/JSREI/force-fuck-captcha-background/go-sdk/captcha_background_sdk/text_region_builder.go:77.42,79.3 1 0
github.com/JSREI/force-fuck-captcha-background/go-sdk/captcha_background_sdk/text_region_builder.go:82.2,82.85 1 1
github.com/JSREI/force-fuck-captcha-background/go-sdk/captcha_background_sdk/text_region_builder.go:82.85,84.3 1 0
github.com/JSREI/force-fuck-captcha-background/go-sdk/captcha_background_sdk/text_region_builder.go:87.2,87.20 1 1
github.com/JSREI/force-fuck-captcha-background/go-sdk/captcha_background_sdk/text_region_builder.go:87.20,88.26 1 1
github.com/JSREI/force-fuck-captcha-background/go-sdk/captcha_background_sdk/text_region_builder.go:88.26,90.4 1 1
github.com/JSREI/force-fuck-captcha-background/go-sdk/captcha_background_sdk/text_region_builder.go:93.2,93.16 1 1
github.com/JSREI/force-fuck-captcha-background/go-sdk/captcha_background_sdk/text_region_builder.go:101.16,102.26 1 1
github.com/JSREI/force-fuck-captcha-background/go-sdk/captcha_background_sdk/text_region_builder.go:102.26,104.3 1 0
github.com/JSREI/force-fuck-captcha-background/go-sdk/captcha_background_sdk/text_region_builder.go:107.2,109.39 2 1
github.com/JSREI/force-fuck-captcha-background/go-sdk/captcha_background_sdk/text_region_builder.go:109.39,110.44 1 1
github.com/JSREI/force-fuck-captcha-background/go-sdk/captcha_background_sdk/text_region_builder.go:110.44,112.62 2 0
github.com/JSREI/force-fuck-captcha-background/go-sdk/captcha_background_sdk/text_region_builder.go:112.62,114.5 1 0
github.com/JSREI/force-fuck-captcha-background/go-sdk/captcha_background_sdk/text_region_builder.go:119.2,120.31 2 1
github.com/JSREI/force-fuck-captcha-background/go-sdk/captcha_background_sdk/text_region_builder.go:120.31,123.3 2 1
github.com/JSREI/force-fuck-captcha-background/go-sdk/captcha_background_sdk/text_region_builder.go:125.2,126.31 2 1
github.com/JSREI/force-fuck-captcha-background/go-sdk/captcha_background_sdk/text_region_builder.go:126.31,129.3 2 1
github.com/JSREI/force-fuck-captcha-background/go-sdk/captcha_background_sdk/text_region_builder.go:131.2,131.16 1 1
github.com/JSREI/force-fuck-captcha-background/go-sdk/captcha_background_sdk/text_region_builder.go:135.28,137.2 1 1
github.com/JSREI/force-fuck-captcha-background/go-sdk/captcha_background_sdk/text_region_builder.go:139.28,141.2 1 1
github.com/JSREI/force-fuck-captcha-background/go-sdk/captcha_background_sdk/text_region_builder.go:144.88,149.42 3 1
github.com/JSREI/force-fuck-captcha-background/go-sdk/captcha_background_sdk/text_region_builder.go:149.42,151.3 1 1
github.com/JSREI/force-fuck-captcha-background/go-sdk/captcha_background_sdk/text_region_builder.go:154.2,158.19 4 1
github.com/JSREI/force-fuck-captcha-background/go-sdk/captcha_background_sdk/text_region_builder.go:158.19,160.45 2 1
github.com/JSREI/force-fuck-captcha-background/go-sdk/captcha_background_sdk/text_region_builder.go:160.45,162.4 1 1
github.com/JSREI/force-fuck-captcha-background/go-sdk/captcha_background_sdk/text_region_builder.go:165.2,165.13 1 1
github.com/JSREI/force-fuck-captcha-background/go-sdk/captcha_background_sdk/text_region_builder.go:169.67,170.26 1 1
github.com/JSREI/force-fuck-captcha-background/go-sdk/captcha_background_sdk/text_region_builder.go:170.26,172.3 1 0
github.com/JSREI/force-fuck-captcha-background/go-sdk/captcha_background_sdk/text_region_builder.go:175.2,182.31 6 1
github.com/JSREI/force-fuck-captcha-background/go-sdk/captcha_background_sdk/text_region_builder.go:182.31,183.23 1 1
github.com/JSREI/force-fuck-captcha-background/go-sdk/captcha_background_sdk/text_region_builder.go:183.23,185.4 1 0
github.com/JSREI/force-fuck-captcha-background/go-sdk/captcha_background_sdk/text_region_builder.go:186.3,186.23 1 1
github.com/JSREI/force-fuck-captcha-background/go-sdk/captcha_background_sdk/text_region_builder.go:186.23,188.4 1 0
github.com/JSREI/force-fuck-captcha-background/go-sdk/captcha_background_sdk/text_region_builder.go:189.3,189.23 1 1
github.com/JSREI/force-fuck-captcha-background/go-sdk/captcha_background_sdk/text_region_builder.go:189.23,191.4 1 1
github.com/JSREI/force-fuck-captcha-background/go-sdk/captcha_background_sdk/text_region_builder.go:192.3,192.23 1 1
github.com/JSREI/force-fuck-captcha-background/go-sdk/captcha_background_sdk/text_region_builder.go:192.23,194.4 1 0
github.com/JSREI/force-fuck-captcha-background/go-sdk/captcha_background_sdk/text_region_builder.go:196.3,201.35 4 1
github.com/JSREI/force-fuck-captcha-background/go-sdk/captcha_background_sdk/text_region_builder.go:201.35,202.91 1 1
github.com/JSREI/force-fuck-captcha-background/go-sdk/captcha_background_sdk/text_region_builder.go:202.91,204.10 2 0
github.com/JSREI/force-fuck-captcha-background/go-sdk/captcha_background_sdk/text_region_builder.go:207.3,207.13 1 1
github.com/JSREI/force-fuck-captcha-background/go-sdk/captcha_background_sdk/text_region_builder.go:207.13,209.4 1 1
github.com/JSREI/force-fuck-captcha-background/go-sdk/captcha_background_sdk/text_region_builder.go:212.2,218.3 1 1
github.com/JSREI/force-fuck-captcha-background/go-sdk/captcha_background_sdk/text_region_builder.go:222.54,227.15 4 1
github.com/JSREI/force-fuck-captcha-background/go-sdk/captcha_background_sdk/text_region_builder.go:227.15,229.3 1 0
github.com/JSREI/force-fuck-captcha-background/go-sdk/captcha_background_sdk/text_region_builder.go:231.2,238.42 4 1
github.com/JSREI/force-fuck-captcha-background/go-sdk/captcha_background_sdk/text_region_builder.go:238.42,240.3 1 1
github.com/JSREI/force-fuck-captcha-background/go-sdk/captcha_background_sdk/text_region_builder.go:243.2,243.63 1 1
github.com/JSREI/force-fuck-captcha-background/go-sdk/captcha_background_sdk/text_region_builder.go:243.63,245.3 1 1
github.com/JSREI/force-fuck-captcha-background/go-sdk/captcha_background_sdk/text_region_builder.go:247.2,247.14 1 1
github.com/JSREI/force-fuck-captcha-background/go-sdk/captcha_background_sdk/text_region_builder.go:251.88,252.33 1 1
github.com/JSREI/force-fuck-captcha-background/go-sdk/captcha_background_sdk/text_region_builder.go:252.33,254.3 1 0
github.com/JSREI/force-fuck-captcha-background/go-sdk/captcha_background_sdk/text_region_builder.go:257.2,257.42 1 1
github.com/JSREI/force-fuck-captcha-background/go-sdk/captcha_background_sdk/text_region_builder.go:257.42,259.3 1 1
github.com/JSREI/force-fuck-captcha-background/go-sdk/captcha_background_sdk/text_region_builder.go:262.2,262.33 1 1
github.com/JSREI/force-fuck-captcha-background/go-sdk/captcha_background_sdk/text_region_builder.go:262.33,267.39 3 1
github.com/JSREI/force-fuck-captcha-background/go-sdk/captcha_background_sdk/text_region_builder.go:267.39,269.37 2 1
github.com/JSREI/force-fuck-captcha-background/go-sdk/captcha_background_sdk/text_region_builder.go:269.37,272.5 2 1
github.com/JSREI/force-fuck-captcha-background/go-sdk/captcha_background_sdk/text_region_builder.go:275.3,275.19 1 1
github.com/JSREI/force-fuck-captcha-background/go-sdk/captcha_background_sdk/text_region_builder.go:275.19,276.9 1 0
github.com/JSREI/force-fuck-captcha-background/go-sdk/captcha_background_sdk/text_region_builder.go:280.3,282.62 3 1
github.com/JSREI/force-fuck-captcha-background/go-sdk/captcha_background_sdk/text_region_builder.go:285.2,285.16 1 1
github.com/JSREI/force-fuck-captcha-background/go-sdk/captcha_background_sdk/text_region_builder.go:289.52,296.30 6 1
github.com/JSREI/force-fuck-captcha-background/go-sdk/captcha_background_sdk/text_region_builder.go:296.30,298.35 2 1
github.com/JSREI/force-fuck-captcha-background/go-sdk/captcha_background_sdk/text_region_builder.go:298.35,299.73 1 1
github.com/JSREI/force-fuck-captcha-background/go-sdk/captcha_background_sdk/text_region_builder.go:299.73,301.10 2 0
github.com/JSREI/force-fuck-captcha-background/go-sdk/captcha_background_sdk/text_region_builder.go:304.3,304.13 1 1
github.com/JSREI/force-fuck-captcha-background/go-sdk/captcha_background_sdk/text_region_builder.go:304.13,306.4 1 1
github.com/JSREI/force-fuck-captcha-background/go-sdk/captcha_background_sdk/text_region_builder.go:309.2,316.3 1 1
github.com/JSREI/force-fuck-captcha-background/go-sdk/captcha_background_sdk/text_region_builder.go:324.37,328.25 2 1
github.com/JSREI/force-fuck-captcha-background/go-sdk/captcha_background_sdk/text_region_builder.go:328.25,330.3 1 1
github.com/JSREI/force-fuck-captcha-background/go-sdk/captcha_background_sdk/text_region_builder.go:331.2,331.11 1 1
github.com/JSREI/force-fuck-captcha-background/go-sdk/captcha_background_sdk/text_region_builder.go:334.38,335.23 1 1
github.com/JSREI/force-fuck-captcha-background/go-sdk/captcha_background_sdk/text_region_builder.go:335.23,337.3 1 1
github.com/JSREI/force-fuck-captcha-background/go-sdk/captcha_background_sdk/text_region_builder.go:338.2,338.21 1 1
github.com/JSREI/force-fuck-captcha-background/go-sdk/captcha_background_sdk/text_region_builder.go:341.38,343.14 2 1
github.com/JSREI/force-fuck-captcha-background/go-sdk/captcha_background_sdk/text_region_builder.go:343.14,345.3 1 1
github.com/JSREI/force-fuck-captcha-background/go-sdk/captcha_background_sdk/text_region_builder.go:349.34,356.2 1 1
github.com/JSREI/force-fuck-captcha-background/go-sdk/captcha_background_sdk/text_region_builder.go:359.24,360.11 1 1
github.com/JSREI/force-fuck-captcha-background/go-sdk/captcha_background_sdk/text_region_builder.go:360.11,362.3 1 1
github.com/JSREI/force-fuck-captcha-background/go-sdk/captcha_background_sdk/text_region_builder.go:363.2,363.10 1 1
github.com/JSREI/force-fuck-captcha-background/go-sdk/captcha_background_sdk/text_region_builder.go:366.24,367.11 1 1
github.com/JSREI/force-fuck-captcha-background/go-sdk/captcha_background_sdk/text_region_builder.go:367.11,369.3 1 1
github.com/JSREI/force-fuck-captcha-background/go-sdk/captcha_background_sdk/text_region_builder.go:370.2,370.10 1 1
github.com/JSREI/force-fuck-captcha-background/go-sdk/captcha_background_sdk/types.go:70.77,71.45 1 1
github.com/JSREI/force-fuck-captcha-background/go-sdk/captcha_background_sdk/types.go:71.45,73.3 1 1
github.com/JSREI/force-fuck-captcha-background/go-sdk/captcha_background_sdk/types.go:74.2,75.15 2 1
github.com/JSREI/force-fuck-captcha-background/go-sdk/captcha_background_sdk/types.go:76.14,77.30 1 1
github.com/JSREI/force-fuck-captcha-background/go-sdk/captcha_background_sdk/types.go:78.14,79.30 1 1
github.com/JSREI/force-fuck-captcha-background/go-sdk/captcha_background_sdk/types.go:80.16,81.32 1 1
github.com/JSREI/force-fuck-captcha-background/go-sdk/captcha_background_sdk/types.go:83.2,83.109 1 1
github.com/JSREI/force-fuck-captcha-background/go-sdk/captcha_background_sdk/types.go:87.88,88.48 1 1
github.com/JSREI/force-fuck-captcha-background/go-sdk/captcha_background_sdk/types.go:88.48,90.3 1 1
github.com/JSREI/force-fuck-captcha-background/go-sdk/captcha_background_sdk/types.go:91.2,92.15 2 1
github.com/JSREI/force-fuck-captcha-background/go-sdk/captcha_background_sdk/types.go:93.18,94.38 1 1
github.com/JSREI/force-fuck-captcha-background/go-sdk/captcha_background_sdk/types.go:95.30,96.50 1 1
github.com/JSREI/force-fuck-captcha-background/go-sdk/captcha_background_sdk/types.go:97.24,98.44 1 1
github.com/JSREI/force-fuck-captcha-background/go-sdk/captcha_background_sdk/types.go:99.24,100.44 1 1
github.com/JSREI/force-fuck-captcha-background/go-sdk/captcha_background_sdk/types.go:102.2,102.122 1 1
github.com/JSREI/force-fuck-captcha-background/go-sdk/captcha_background_sdk/types.go:413.54,415.16 2 1
github.com/JSREI/force-fuck-captcha-background/go-sdk/captcha_background_sdk/types.go:415.16,417.3 1 0
github.com/JSREI/force-fuck-captcha-background/go-sdk/captcha_background_sdk/types.go:418.2,418.27 1 1
github.com/JSREI/force-fuck-captcha-background/go-sdk/captcha_background_sdk/types.go:422.49,424.16 2 1
github.com/JSREI/force-fuck-captcha-background/go-sdk/captcha_background_sdk/types.go:424.16,426.3 1 0
github.com/JSREI/force-fuck-captcha-background/go-sdk/captcha_background_sdk/types.go:427.2,427.27 1 1
github.com/JSREI/force-fuck-captcha-background/go-sdk/captcha_background_sdk/types.go:431.44,433.2 1 1
github.com/JSREI/force-fuck-captcha-background/go-sdk/captcha_background_sdk/types.go:436.45,438.2 1 1
github.com/JSREI/force-fuck-captcha-background/go-sdk/captcha_background_sdk/types.go:441.45,443.2 1 1
github.com/JSREI/force-fuck-captcha-background/go-sdk/captcha_background_sdk/types.go:446.46,448.2 1 1
github.com/JSREI/force-fuck-captcha-background/go-sdk/captcha_background_sdk/types.go:451.55,453.16 2 1
github.com/JSREI/force-fuck-captcha-background/go-sdk/captcha_background_sdk/types.go:453.16,455.3 1 0
github.com/JSREI/force-fuck-captcha-background/go-sdk/captcha_background_sdk/types.go:456.2,456.27 1 1
github.com/JSREI/force-fuck-captcha-background/go-sdk/captcha_background_sdk/utils.go:6.25,8.2 1 1
github.com/JSREI/force-fuck-captcha-background/go-sdk/captcha_background_sdk/utils.go:13.37,15.2 1 1
github.com/JSREI/force-fuck-captcha-background/go-sdk/captcha_background_sdk/utils.go:20.34,22.2 1 1
github.com/JSREI/force-fuck-captcha-background/go-sdk/captcha_background_sdk/utils.go:27.28,29.2 1 1
